============================================================
   Tang Dynasty, V5.6.59063
   Copyright (c) 2012-2022 Anlogic
   Executable = D:/Anlogic/TD5.6.59063/bin/td.exe
   Built at =   12:45:13 Sep  6 2022
   Run by =     Daggal
   Run Date =   Tue May 14 21:39:45 2024

   Run on =     DESKTOP-I7CAGU2
============================================================
TMR-3509 : Import timing summary.
RUN-1001 : open_run phy_1.
RUN-1002 : start command "import_db C:/Users/Daggal/Desktop/Cortex-M0/verilog/prj/CortexM0_SoC_Runs/phy_1/CortexM0_SoC_pr.db"
RUN-1001 : Importing database generated by Tang Dynasty, V5.6.59063.
RUN-1001 : Database version number 46140.
RUN-1001 : Import flow parameters
PHY-1001 : Generate detailed routing grids ...
PHY-1001 : Generate nets ...
PHY-1001 : net SD_CLK_dup_1 will be routed on clock mesh
PHY-1001 : clock net SWCLK_syn_4 will be merged with clock SWCLK_dup_1
PHY-1001 : net System_clk_dup_1 will be routed on clock mesh
PHY-1001 : clock net LED_Interface/light_clk_syn_4 will be merged with clock LED_Interface/light_clk
PHY-1001 : clock net PIXEL_PLL_inst/clk0_out will be merged with clock PIXEL_PLL_inst/clk0_buf
PHY-1001 : clock net PLL_inst/clk0_out will be merged with clock PLL_inst/clk0_buf
PHY-1001 : clock net SEG_Interface/smg_inst/cnt_1ms[0]_syn_6 will be merged with clock SEG_Interface/smg_inst/cnt_1ms[0]
PHY-1001 : net sdram_rw_top_inst/clk_sdram will be routed on clock mesh
PHY-1001 : clock net sdram_rw_top_inst/u_sdram_top/u_sdram_fifo_ctrl/clk_ref will be merged with clock SDRAM_PLL_inst/clk0_buf
PHY-1001 : net sdram_rw_top_inst/u_sdram_top/u_sdram_fifo_ctrl/rdfifo/clkr will be routed on clock mesh
PHY-1001 : net u3_hdmi_tx/PXLCLK_5X_I will be routed on clock mesh
PHY-1001 : net u_logic/SCLK will be routed on clock mesh
PHY-1001 : eco open net = 0
PHY-1001 : 283 feed throughs used by 197 nets
RUN-1001 : Import timing constraints
RUN-1001 : Import IO constraints
RUN-1001 : Import Inst constraints
RUN-1001 : Import design success TD_VERSION=5.6.59063 , DB_VERSION=46140
RUN-1003 : finish command "import_db C:/Users/Daggal/Desktop/Cortex-M0/verilog/prj/CortexM0_SoC_Runs/phy_1/CortexM0_SoC_pr.db" in  10.583410s wall, 10.343750s user + 0.187500s system = 10.531250s CPU (99.5%)

RUN-1004 : used memory is 700 MB, reserved memory is 683 MB, peak memory is 736 MB
RUN-1002 : start command "report_timing"
RUN-1002 : start command "start_timer"
RUN-1003 : finish command "start_timer" in  1.427793s wall, 1.421875s user + 0.000000s system = 1.421875s CPU (99.6%)

RUN-1004 : used memory is 753 MB, reserved memory is 729 MB, peak memory is 753 MB
RUN-1002 : start command "end_timer"
RUN-1003 : finish command "report_timing" in  2.312772s wall, 2.265625s user + 0.015625s system = 2.281250s CPU (98.6%)

RUN-1004 : used memory is 717 MB, reserved memory is 695 MB, peak memory is 797 MB
HDL-1007 : analyze verilog file ../rtl/AHBlite_Decoder.v
HDL-1007 : analyze verilog file ../rtl/CortexM0_SoC.v
HDL-1007 : undeclared symbol 'rst_n', assumed default net type 'wire' in ../rtl/CortexM0_SoC.v(1121)
TMR-3509 : Import timing summary.
