============================================================
   Tang Dynasty, V5.6.59063
   Copyright (c) 2012-2022 Anlogic
   Executable = D:/Anlogic/TD5.6.59063/bin/td.exe
   Built at =   12:45:13 Sep  6 2022
   Run by =     Daggal
   Run Date =   Mon May 13 11:01:53 2024

   Run on =     DESKTOP-I7CAGU2
============================================================
TMR-3509 : Import timing summary.
RUN-1001 : open_run phy_1.
RUN-1002 : start command "import_db C:/Users/Daggal/Desktop/Cortex-M0/verilog/prj/CortexM0_SoC_Runs/phy_1/CortexM0_SoC_pr.db"
RUN-1001 : Importing database generated by Tang Dynasty, V5.6.59063.
RUN-1001 : Database version number 46140.
RUN-1001 : Import flow parameters
PHY-1001 : Generate detailed routing grids ...
PHY-1001 : Generate nets ...
PHY-1001 : clock net SWCLK_syn_4 will be merged with clock SWCLK_dup_1
PHY-1001 : net System_clk_dup_1 will be routed on clock mesh
PHY-1001 : clock net LED_Interface/light_clk_syn_4 will be merged with clock LED_Interface/light_clk
PHY-1001 : clock net PLL_inst/clk0_out will be merged with clock PLL_inst/clk0_buf
PHY-1001 : clock net SEG_Interface/smg_inst/cnt_1ms[0]_syn_6 will be merged with clock SEG_Interface/smg_inst/cnt_1ms[0]
PHY-1001 : net u_logic/SCLK will be routed on clock mesh
PHY-1001 : eco open net = 0
PHY-1001 : 242 feed throughs used by 153 nets
RUN-1001 : Import timing constraints
RUN-1001 : Import IO constraints
RUN-1001 : Import Inst constraints
RUN-1001 : Import design success TD_VERSION=5.6.59063 , DB_VERSION=46140
RUN-1003 : finish command "import_db C:/Users/Daggal/Desktop/Cortex-M0/verilog/prj/CortexM0_SoC_Runs/phy_1/CortexM0_SoC_pr.db" in  8.610167s wall, 8.453125s user + 0.203125s system = 8.656250s CPU (100.5%)

RUN-1004 : used memory is 629 MB, reserved memory is 605 MB, peak memory is 664 MB
RUN-1002 : start command "report_timing"
RUN-1002 : start command "start_timer"
RUN-1002 : start command "end_timer"
RUN-1003 : finish command "report_timing" in  1.472762s wall, 1.437500s user + 0.031250s system = 1.468750s CPU (99.7%)

RUN-1004 : used memory is 643 MB, reserved memory is 619 MB, peak memory is 710 MB
