============================================================
   Tang Dynasty, V5.6.59063
   Copyright (c) 2012-2022 Anlogic
   Executable = D:/Anlogic/TD5.6.59063/bin/td.exe
   Built at =   12:45:13 Sep  6 2022
   Run by =     Daggal
   Run Date =   Sun May 19 16:50:29 2024

   Run on =     DESKTOP-I7CAGU2
============================================================
TMR-3509 : Import timing summary.
RUN-1001 : open_run phy_1.
RUN-1002 : start command "import_db C:/Users/Daggal/Desktop/Cortex-M0/verilog/prj/CortexM0_SoC_Runs/phy_1/CortexM0_SoC_pr.db"
RUN-1001 : Importing database generated by Tang Dynasty, V5.6.59063.
RUN-1001 : Database version number 46140.
RUN-1001 : Import flow parameters
PHY-1001 : Generate detailed routing grids ...
PHY-1001 : Generate nets ...
PHY-1001 : net SD_CLK_dup_1 will be routed on clock mesh
PHY-1001 : clock net SWCLK_syn_4 will be merged with clock SWCLK_dup_1
PHY-1001 : net System_clk_dup_1 will be routed on clock mesh
PHY-1001 : clock net Gamma_Interface/en_state_syn_4 will be merged with clock Gamma_Interface/en_state
PHY-1001 : clock net PIXEL_PLL_inst/clk0_out will be merged with clock PIXEL_PLL_inst/clk0_buf
PHY-1001 : clock net PLL_inst/clk0_out will be merged with clock PLL_inst/clk0_buf
PHY-1001 : clock net SEG_Interface/smg_inst/cnt_1ms[0]_syn_6 will be merged with clock SEG_Interface/smg_inst/cnt_1ms[0]
PHY-1001 : net u_logic/SCLK will be routed on clock mesh
PHY-1001 : net med_filter_proc_inst/Matrix_Generate_3x3_8Bit_inst/u_line_shift_ram_8bit/DRAM_inst2/clkb will be routed on clock mesh
PHY-1001 : net sdram_rw_top_inst/clk_sdram will be routed on clock mesh
PHY-1001 : clock net sdram_rw_top_inst/u_sdram_top/u_sdram_fifo_ctrl/clk_ref will be merged with clock SDRAM_PLL_inst/clk0_buf
PHY-1001 : net u3_hdmi_tx/PXLCLK_5X_I will be routed on clock mesh
PHY-1001 : eco open net = 0
PHY-1001 : 752 feed throughs used by 455 nets
RUN-1001 : Import timing constraints
RUN-1001 : Import IO constraints
RUN-1001 : Import Inst constraints
RUN-1001 : Import design success TD_VERSION=5.6.59063 , DB_VERSION=46140
RUN-1003 : finish command "import_db C:/Users/Daggal/Desktop/Cortex-M0/verilog/prj/CortexM0_SoC_Runs/phy_1/CortexM0_SoC_pr.db" in  11.641498s wall, 11.515625s user + 0.234375s system = 11.750000s CPU (100.9%)

RUN-1004 : used memory is 783 MB, reserved memory is 772 MB, peak memory is 824 MB
RUN-1002 : start command "report_timing"
RUN-1002 : start command "start_timer"
RUN-1003 : finish command "start_timer" in  1.774466s wall, 1.765625s user + 0.031250s system = 1.796875s CPU (101.3%)

RUN-1004 : used memory is 860 MB, reserved memory is 840 MB, peak memory is 860 MB
RUN-1002 : start command "end_timer"
RUN-1003 : finish command "report_timing" in  2.886124s wall, 2.859375s user + 0.046875s system = 2.906250s CPU (100.7%)

RUN-1004 : used memory is 818 MB, reserved memory is 805 MB, peak memory is 922 MB
RUN-1002 : start command "download -bit CortexM0_SoC_Runs\phy_1\CortexM0_SoC.bit -mode jtag -spd 7 -sec 64 -cable 0"
PRG-2014 : Chip validation success: EAGLE_S20_BG256
RUN-1002 : start command "bit_to_vec -chip EAGLE_S20_BG256 -m jtag_burst -freq 4 -bit CortexM0_SoC_Runs/phy_1/CortexM0_SoC.bit"
RUN-1002 : start command "program -cable 0 -mode svf -spd 7 -p"
RUN-1003 : finish command "program -cable 0 -mode svf -spd 7 -p" in  6.541911s wall, 0.546875s user + 0.703125s system = 1.250000s CPU (19.1%)

RUN-1004 : used memory is 880 MB, reserved memory is 852 MB, peak memory is 922 MB
RUN-1003 : finish command "download -bit CortexM0_SoC_Runs\phy_1\CortexM0_SoC.bit -mode jtag -spd 7 -sec 64 -cable 0" in  6.763973s wall, 0.671875s user + 0.734375s system = 1.406250s CPU (20.8%)

RUN-1004 : used memory is 880 MB, reserved memory is 852 MB, peak memory is 922 MB
GUI-1001 : Download success!
RUN-1002 : start command "download -bit CortexM0_SoC_Runs\phy_1\CortexM0_SoC.bit -mode jtag -spd 7 -sec 64 -cable 0"
PRG-2014 : Chip validation success: EAGLE_S20_BG256
RUN-1002 : start command "bit_to_vec -chip EAGLE_S20_BG256 -m jtag_burst -freq 4 -bit CortexM0_SoC_Runs/phy_1/CortexM0_SoC.bit"
RUN-1002 : start command "program -cable 0 -mode svf -spd 7 -p"
RUN-1003 : finish command "program -cable 0 -mode svf -spd 7 -p" in  6.567715s wall, 0.406250s user + 0.859375s system = 1.265625s CPU (19.3%)

RUN-1004 : used memory is 886 MB, reserved memory is 854 MB, peak memory is 922 MB
RUN-1003 : finish command "download -bit CortexM0_SoC_Runs\phy_1\CortexM0_SoC.bit -mode jtag -spd 7 -sec 64 -cable 0" in  6.794621s wall, 0.546875s user + 0.890625s system = 1.437500s CPU (21.2%)

RUN-1004 : used memory is 886 MB, reserved memory is 854 MB, peak memory is 922 MB
GUI-1001 : Download success!
RUN-1002 : start command "download -bit CortexM0_SoC_Runs\phy_1\CortexM0_SoC.bit -mode jtag -spd 7 -sec 64 -cable 0"
PRG-2014 : Chip validation success: EAGLE_S20_BG256
RUN-1002 : start command "bit_to_vec -chip EAGLE_S20_BG256 -m jtag_burst -freq 4 -bit CortexM0_SoC_Runs/phy_1/CortexM0_SoC.bit"
RUN-1002 : start command "program -cable 0 -mode svf -spd 7 -p"
RUN-1003 : finish command "program -cable 0 -mode svf -spd 7 -p" in  6.566481s wall, 0.375000s user + 0.718750s system = 1.093750s CPU (16.7%)

RUN-1004 : used memory is 880 MB, reserved memory is 855 MB, peak memory is 922 MB
RUN-1003 : finish command "download -bit CortexM0_SoC_Runs\phy_1\CortexM0_SoC.bit -mode jtag -spd 7 -sec 64 -cable 0" in  6.782717s wall, 0.484375s user + 0.765625s system = 1.250000s CPU (18.4%)

RUN-1004 : used memory is 880 MB, reserved memory is 855 MB, peak memory is 922 MB
GUI-1001 : Download success!
RUN-1002 : start command "download -bit CortexM0_SoC_Runs\phy_1\CortexM0_SoC.bit -mode jtag -spd 7 -sec 64 -cable 0"
PRG-2014 : Chip validation success: EAGLE_S20_BG256
RUN-1002 : start command "bit_to_vec -chip EAGLE_S20_BG256 -m jtag_burst -freq 4 -bit CortexM0_SoC_Runs/phy_1/CortexM0_SoC.bit"
RUN-1002 : start command "program -cable 0 -mode svf -spd 7 -p"
RUN-1003 : finish command "program -cable 0 -mode svf -spd 7 -p" in  6.585110s wall, 0.468750s user + 0.859375s system = 1.328125s CPU (20.2%)

RUN-1004 : used memory is 880 MB, reserved memory is 855 MB, peak memory is 922 MB
RUN-1003 : finish command "download -bit CortexM0_SoC_Runs\phy_1\CortexM0_SoC.bit -mode jtag -spd 7 -sec 64 -cable 0" in  6.810092s wall, 0.593750s user + 0.906250s system = 1.500000s CPU (22.0%)

RUN-1004 : used memory is 880 MB, reserved memory is 855 MB, peak memory is 922 MB
GUI-1001 : Download success!
RUN-1002 : start command "download -bit CortexM0_SoC_Runs\phy_1\CortexM0_SoC.bit -mode jtag -spd 7 -sec 64 -cable 0"
PRG-2014 : Chip validation success: EAGLE_S20_BG256
RUN-1002 : start command "bit_to_vec -chip EAGLE_S20_BG256 -m jtag_burst -freq 4 -bit CortexM0_SoC_Runs/phy_1/CortexM0_SoC.bit"
RUN-1002 : start command "program -cable 0 -mode svf -spd 7 -p"
RUN-1003 : finish command "program -cable 0 -mode svf -spd 7 -p" in  6.579579s wall, 0.312500s user + 0.671875s system = 0.984375s CPU (15.0%)

RUN-1004 : used memory is 880 MB, reserved memory is 855 MB, peak memory is 922 MB
RUN-1003 : finish command "download -bit CortexM0_SoC_Runs\phy_1\CortexM0_SoC.bit -mode jtag -spd 7 -sec 64 -cable 0" in  6.806804s wall, 0.453125s user + 0.687500s system = 1.140625s CPU (16.8%)

RUN-1004 : used memory is 880 MB, reserved memory is 855 MB, peak memory is 922 MB
GUI-1001 : Download success!
