============================================================
   Tang Dynasty, V5.6.59063
   Copyright (c) 2012-2022 Anlogic
   Executable = D:/Anlogic/TD5.6.59063/bin/td.exe
   Built at =   12:45:13 Sep  6 2022
   Run by =     Daggal
   Run Date =   Sun May 19 15:11:10 2024

   Run on =     DESKTOP-I7CAGU2
============================================================
TMR-3509 : Import timing summary.
RUN-1001 : open_run phy_1.
RUN-1002 : start command "import_db C:/Users/Daggal/Desktop/Cortex-M0/verilog/prj/CortexM0_SoC_Runs/phy_1/CortexM0_SoC_pr.db"
RUN-1001 : Importing database generated by Tang Dynasty, V5.6.59063.
RUN-1001 : Database version number 46140.
RUN-1001 : Import flow parameters
PHY-1001 : Generate detailed routing grids ...
PHY-1001 : Generate nets ...
PHY-1001 : net SD_CLK_dup_1 will be routed on clock mesh
PHY-1001 : clock net SWCLK_syn_4 will be merged with clock SWCLK_dup_1
PHY-1001 : net System_clk_dup_1 will be routed on clock mesh
PHY-1001 : clock net Gamma_Interface/en_state_syn_4 will be merged with clock Gamma_Interface/en_state
PHY-1001 : clock net PIXEL_PLL_inst/clk0_out will be merged with clock PIXEL_PLL_inst/clk0_buf
PHY-1001 : clock net PLL_inst/clk0_out will be merged with clock PLL_inst/clk0_buf
PHY-1001 : clock net SEG_Interface/smg_inst/cnt_1ms[0]_syn_6 will be merged with clock SEG_Interface/smg_inst/cnt_1ms[0]
PHY-1001 : net u_logic/SCLK will be routed on clock mesh
PHY-1001 : net med_filter_proc_inst/Matrix_Generate_3x3_8Bit_inst/u_line_shift_ram_8bit/DRAM_inst2/clkb will be routed on clock mesh
PHY-1001 : net sdram_rw_top_inst/clk_sdram will be routed on clock mesh
PHY-1001 : clock net sdram_rw_top_inst/u_sdram_top/u_sdram_fifo_ctrl/clk_ref will be merged with clock SDRAM_PLL_inst/clk0_buf
PHY-1001 : net u3_hdmi_tx/PXLCLK_5X_I will be routed on clock mesh
PHY-1001 : eco open net = 0
PHY-1001 : 752 feed throughs used by 455 nets
RUN-1001 : Import timing constraints
RUN-1001 : Import IO constraints
RUN-1001 : Import Inst constraints
RUN-1001 : Import design success TD_VERSION=5.6.59063 , DB_VERSION=46140
RUN-1003 : finish command "import_db C:/Users/Daggal/Desktop/Cortex-M0/verilog/prj/CortexM0_SoC_Runs/phy_1/CortexM0_SoC_pr.db" in  11.483128s wall, 11.343750s user + 0.203125s system = 11.546875s CPU (100.6%)

RUN-1004 : used memory is 784 MB, reserved memory is 766 MB, peak memory is 827 MB
RUN-1002 : start command "report_timing"
RUN-1002 : start command "start_timer"
RUN-1003 : finish command "start_timer" in  1.787798s wall, 1.781250s user + 0.062500s system = 1.843750s CPU (103.1%)

RUN-1004 : used memory is 862 MB, reserved memory is 841 MB, peak memory is 862 MB
RUN-1002 : start command "end_timer"
RUN-1003 : finish command "report_timing" in  2.900186s wall, 2.875000s user + 0.078125s system = 2.953125s CPU (101.8%)

RUN-1004 : used memory is 819 MB, reserved memory is 807 MB, peak memory is 924 MB
RUN-1002 : start command "download -bit CortexM0_SoC_Runs\phy_1\CortexM0_SoC.bit -mode jtag -spd 7 -sec 64 -cable 0"
PRG-2014 : Chip validation success: EAGLE_S20_BG256
RUN-1002 : start command "bit_to_vec -chip EAGLE_S20_BG256 -m jtag_burst -freq 4 -bit CortexM0_SoC_Runs/phy_1/CortexM0_SoC.bit"
RUN-1002 : start command "program -cable 0 -mode svf -spd 7 -p"
RUN-1003 : finish command "program -cable 0 -mode svf -spd 7 -p" in  7.079040s wall, 0.515625s user + 0.671875s system = 1.187500s CPU (16.8%)

RUN-1004 : used memory is 899 MB, reserved memory is 869 MB, peak memory is 924 MB
RUN-1003 : finish command "download -bit CortexM0_SoC_Runs\phy_1\CortexM0_SoC.bit -mode jtag -spd 7 -sec 64 -cable 0" in  7.310858s wall, 0.656250s user + 0.671875s system = 1.328125s CPU (18.2%)

RUN-1004 : used memory is 899 MB, reserved memory is 869 MB, peak memory is 924 MB
GUI-1001 : Download success!
