============================================================
   Tang Dynasty, V5.6.59063
   Copyright (c) 2012-2022 Anlogic
   Executable = D:/Anlogic/TD5.6.59063/bin/td.exe
   Built at =   12:45:13 Sep  6 2022
   Run by =     Daggal
   Run Date =   Wed May 15 21:04:01 2024

   Run on =     DESKTOP-I7CAGU2
============================================================
RUN-1001 : open_run phy_1.
RUN-1002 : start command "import_db C:/Users/Daggal/Desktop/Cortex-M0/verilog/prj/CortexM0_SoC_Runs/phy_1/CortexM0_SoC_place.db"
RUN-1001 : Importing database generated by Tang Dynasty, V5.6.59063.
RUN-1001 : Database version number 46140.
RUN-1001 : Import flow parameters
RUN-1001 : Import timing constraints
RUN-1001 : Import IO constraints
RUN-1001 : Import Inst constraints
RUN-1001 : Import design success TD_VERSION=5.6.59063 , DB_VERSION=46140
RUN-1003 : finish command "import_db C:/Users/Daggal/Desktop/Cortex-M0/verilog/prj/CortexM0_SoC_Runs/phy_1/CortexM0_SoC_place.db" in  2.194838s wall, 2.062500s user + 0.109375s system = 2.171875s CPU (99.0%)

RUN-1004 : used memory is 388 MB, reserved memory is 356 MB, peak memory is 393 MB
RUN-1002 : start command "report_timing -mode manhattan"
RUN-1002 : start command "start_timer"
RUN-1003 : finish command "start_timer" in  1.774719s wall, 1.781250s user + 0.062500s system = 1.843750s CPU (103.9%)

RUN-1004 : used memory is 474 MB, reserved memory is 444 MB, peak memory is 474 MB
RUN-1002 : start command "end_timer"
RUN-1003 : finish command "report_timing -mode manhattan" in  2.403400s wall, 2.359375s user + 0.125000s system = 2.484375s CPU (103.4%)

RUN-1004 : used memory is 422 MB, reserved memory is 405 MB, peak memory is 532 MB
RUN-1001 : reset_run syn_1 phy_1.
RUN-6001 WARNING: Failed to reset phy_1: some files can't be removed in C:/Users/Daggal/Desktop/Cortex-M0/verilog/prj/CortexM0_SoC_Runs/phy_1
RUN-1001 : launch_runs syn_1 phy_1  -jobs 6.
RUN-1001 : syn_1: run complete.
RUN-6001 WARNING: phy_1: run failed.
RUN-1001 : open_run phy_1.
RUN-1002 : start command "import_db C:/Users/Daggal/Desktop/Cortex-M0/verilog/prj/CortexM0_SoC_Runs/phy_1/CortexM0_SoC_place.db"
RUN-1001 : Importing database generated by Tang Dynasty, V5.6.59063.
RUN-1001 : Database version number 46140.
RUN-1001 : Import flow parameters
RUN-1001 : Import timing constraints
RUN-1001 : Import IO constraints
RUN-1001 : Import Inst constraints
RUN-1001 : Import design success TD_VERSION=5.6.59063 , DB_VERSION=46140
RUN-1003 : finish command "import_db C:/Users/Daggal/Desktop/Cortex-M0/verilog/prj/CortexM0_SoC_Runs/phy_1/CortexM0_SoC_place.db" in  2.239877s wall, 2.156250s user + 0.093750s system = 2.250000s CPU (100.5%)

RUN-1004 : used memory is 405 MB, reserved memory is 371 MB, peak memory is 532 MB
RUN-1002 : start command "report_timing -mode manhattan"
RUN-1002 : start command "start_timer"
RUN-1003 : finish command "start_timer" in  1.853407s wall, 1.859375s user + 0.000000s system = 1.859375s CPU (100.3%)

RUN-1004 : used memory is 489 MB, reserved memory is 459 MB, peak memory is 532 MB
RUN-1002 : start command "end_timer"
RUN-1003 : finish command "report_timing -mode manhattan" in  2.516805s wall, 2.500000s user + 0.015625s system = 2.515625s CPU (100.0%)

RUN-1004 : used memory is 439 MB, reserved memory is 427 MB, peak memory is 545 MB
RUN-1001 : reset_run syn_1 phy_1.
RUN-1001 : launch_runs syn_1 phy_1  -jobs 6.
RUN-1001 : syn_1: run complete.
RUN-6001 WARNING: phy_1: run failed.
RUN-1001 : open_run phy_1.
RUN-1002 : start command "import_db C:/Users/Daggal/Desktop/Cortex-M0/verilog/prj/CortexM0_SoC_Runs/phy_1/CortexM0_SoC_place.db"
RUN-1001 : Importing database generated by Tang Dynasty, V5.6.59063.
RUN-1001 : Database version number 46140.
RUN-1001 : Import flow parameters
RUN-1001 : Import timing constraints
RUN-1001 : Import IO constraints
RUN-1001 : Import Inst constraints
RUN-1001 : Import design success TD_VERSION=5.6.59063 , DB_VERSION=46140
RUN-1003 : finish command "import_db C:/Users/Daggal/Desktop/Cortex-M0/verilog/prj/CortexM0_SoC_Runs/phy_1/CortexM0_SoC_place.db" in  2.158633s wall, 2.078125s user + 0.125000s system = 2.203125s CPU (102.1%)

RUN-1004 : used memory is 447 MB, reserved memory is 408 MB, peak memory is 545 MB
RUN-1002 : start command "report_timing -mode manhattan"
RUN-1002 : start command "start_timer"
RUN-1003 : finish command "start_timer" in  1.805816s wall, 1.812500s user + 0.046875s system = 1.859375s CPU (103.0%)

RUN-1004 : used memory is 532 MB, reserved memory is 496 MB, peak memory is 545 MB
RUN-1002 : start command "end_timer"
RUN-1003 : finish command "report_timing -mode manhattan" in  2.460747s wall, 2.453125s user + 0.046875s system = 2.500000s CPU (101.6%)

RUN-1004 : used memory is 480 MB, reserved memory is 464 MB, peak memory is 588 MB
