============================================================
   Tang Dynasty, V5.6.59063
   Copyright (c) 2012-2022 Anlogic
   Executable = D:/Anlogic/TD5.6.59063/bin/td.exe
   Built at =   12:45:13 Sep  6 2022
   Run by =     Daggal
   Run Date =   Sun May 19 14:29:10 2024

   Run on =     DESKTOP-I7CAGU2
============================================================
TMR-3509 : Import timing summary.
RUN-1001 : open_run phy_1.
RUN-1002 : start command "import_db C:/Users/Daggal/Desktop/Cortex-M0/verilog/prj/CortexM0_SoC_Runs/phy_1/CortexM0_SoC_pr.db"
RUN-1001 : Importing database generated by Tang Dynasty, V5.6.59063.
RUN-1001 : Database version number 46140.
RUN-1001 : Import flow parameters
PHY-1001 : Generate detailed routing grids ...
PHY-1001 : Generate nets ...
PHY-1001 : net SD_CLK_dup_1 will be routed on clock mesh
PHY-1001 : clock net SWCLK_syn_4 will be merged with clock SWCLK_dup_1
PHY-1001 : net System_clk_dup_1 will be routed on clock mesh
PHY-1001 : clock net Gamma_Interface/en_state_syn_4 will be merged with clock Gamma_Interface/en_state
PHY-1001 : clock net PIXEL_PLL_inst/clk0_out will be merged with clock PIXEL_PLL_inst/clk0_buf
PHY-1001 : clock net PLL_inst/clk0_out will be merged with clock PLL_inst/clk0_buf
PHY-1001 : clock net SEG_Interface/smg_inst/cnt_1ms[0]_syn_6 will be merged with clock SEG_Interface/smg_inst/cnt_1ms[0]
PHY-1001 : net u_logic/SCLK will be routed on clock mesh
PHY-1001 : net med_filter_proc_inst/Matrix_Generate_3x3_8Bit_inst/u_line_shift_ram_8bit/DRAM_inst2/clkb will be routed on clock mesh
PHY-1001 : net sdram_rw_top_inst/clk_sdram will be routed on clock mesh
PHY-1001 : clock net sdram_rw_top_inst/u_sdram_top/u_sdram_fifo_ctrl/clk_ref will be merged with clock SDRAM_PLL_inst/clk0_buf
PHY-1001 : net u3_hdmi_tx/PXLCLK_5X_I will be routed on clock mesh
PHY-1001 : eco open net = 0
PHY-1001 : 752 feed throughs used by 455 nets
RUN-1001 : Import timing constraints
RUN-1001 : Import IO constraints
RUN-1001 : Import Inst constraints
RUN-1001 : Import design success TD_VERSION=5.6.59063 , DB_VERSION=46140
RUN-1003 : finish command "import_db C:/Users/Daggal/Desktop/Cortex-M0/verilog/prj/CortexM0_SoC_Runs/phy_1/CortexM0_SoC_pr.db" in  11.724488s wall, 11.515625s user + 0.312500s system = 11.828125s CPU (100.9%)

RUN-1004 : used memory is 784 MB, reserved memory is 766 MB, peak memory is 826 MB
RUN-1002 : start command "report_timing"
RUN-1002 : start command "start_timer"
RUN-1003 : finish command "start_timer" in  1.802933s wall, 1.796875s user + 0.031250s system = 1.828125s CPU (101.4%)

RUN-1004 : used memory is 862 MB, reserved memory is 841 MB, peak memory is 862 MB
RUN-1002 : start command "end_timer"
RUN-1003 : finish command "report_timing" in  2.902986s wall, 2.875000s user + 0.062500s system = 2.937500s CPU (101.2%)

RUN-1004 : used memory is 830 MB, reserved memory is 814 MB, peak memory is 924 MB
HDL-1007 : analyze verilog file ../rtl/Block_RAM.v
TMR-3509 : Import timing summary.
HDL-1007 : analyze verilog file ../rtl/Block_RAM.v
TMR-3509 : Import timing summary.
TMR-3509 : Import timing summary.
TMR-3509 : Import timing summary.
RUN-1001 : reset_run syn_1 phy_1.
RUN-6001 WARNING: Failed to reset phy_1: some files can't be removed in C:/Users/Daggal/Desktop/Cortex-M0/verilog/prj/CortexM0_SoC_Runs/phy_1
RUN-1001 : launch_runs syn_1 phy_1  -jobs 6.
RUN-6001 WARNING: syn_1: run failed.
HDL-1007 : analyze verilog file ../rtl/Block_RAM.v
RUN-1001 : reset_run syn_1 phy_1.
RUN-1001 : launch_runs syn_1 phy_1  -jobs 6.
RUN-1001 : syn_1: run complete.
TMR-3509 : Import timing summary.
TMR-3509 : Import timing summary.
TMR-3509 : Import timing summary.
TMR-3509 : Import timing summary.
TMR-3509 : Import timing summary.
TMR-3509 : Import timing summary.
TMR-3509 : Import timing summary.
TMR-3509 : Import timing summary.
TMR-3509 : Import timing summary.
TMR-3509 : Import timing summary.
TMR-3509 : Import timing summary.
TMR-3509 : Import timing summary.
TMR-3509 : Import timing summary.
TMR-3509 : Import timing summary.
TMR-3509 : Import timing summary.
TMR-3509 : Import timing summary.
TMR-3509 : Import timing summary.
TMR-3509 : Import timing summary.
TMR-3509 : Import timing summary.
TMR-3509 : Import timing summary.
TMR-3509 : Import timing summary.
TMR-3509 : Import timing summary.
TMR-3509 : Import timing summary.
TMR-3509 : Import timing summary.
TMR-3509 : Import timing summary.
TMR-3509 : Import timing summary.
TMR-3509 : Import timing summary.
TMR-3509 : Import timing summary.
TMR-3509 : Import timing summary.
TMR-3509 : Import timing summary.
TMR-3509 : Import timing summary.
TMR-3509 : Import timing summary.
TMR-3509 : Import timing summary.
TMR-3509 : Import timing summary.
TMR-3509 : Import timing summary.
TMR-3509 : Import timing summary.
TMR-3509 : Import timing summary.
TMR-3509 : Import timing summary.
TMR-3509 : Import timing summary.
TMR-3509 : Import timing summary.
TMR-3509 : Import timing summary.
TMR-3509 : Import timing summary.
TMR-3509 : Import timing summary.
TMR-3509 : Import timing summary.
TMR-3509 : Import timing summary.
TMR-3509 : Import timing summary.
TMR-3509 : Import timing summary.
TMR-3509 : Import timing summary.
TMR-3509 : Import timing summary.
TMR-3509 : Import timing summary.
TMR-3509 : Import timing summary.
TMR-3509 : Import timing summary.
TMR-3509 : Import timing summary.
TMR-3509 : Import timing summary.
TMR-3509 : Import timing summary.
TMR-3509 : Import timing summary.
TMR-3509 : Import timing summary.
TMR-3509 : Import timing summary.
TMR-3509 : Import timing summary.
TMR-3509 : Import timing summary.
TMR-3509 : Import timing summary.
TMR-3509 : Import timing summary.
TMR-3509 : Import timing summary.
TMR-3509 : Import timing summary.
TMR-3509 : Import timing summary.
TMR-3509 : Import timing summary.
TMR-3509 : Import timing summary.
TMR-3509 : Import timing summary.
TMR-3509 : Import timing summary.
TMR-3509 : Import timing summary.
TMR-3509 : Import timing summary.
TMR-3509 : Import timing summary.
TMR-3509 : Import timing summary.
TMR-3509 : Import timing summary.
TMR-3509 : Import timing summary.
TMR-3509 : Import timing summary.
TMR-3509 : Import timing summary.
TMR-3509 : Import timing summary.
TMR-3509 : Import timing summary.
TMR-3509 : Import timing summary.
TMR-3509 : Import timing summary.
TMR-3509 : Import timing summary.
TMR-3509 : Import timing summary.
TMR-3509 : Import timing summary.
TMR-3509 : Import timing summary.
TMR-3509 : Import timing summary.
TMR-3509 : Import timing summary.
TMR-3509 : Import timing summary.
TMR-3509 : Import timing summary.
TMR-3509 : Import timing summary.
TMR-3509 : Import timing summary.
TMR-3509 : Import timing summary.
TMR-3509 : Import timing summary.
TMR-3509 : Import timing summary.
TMR-3509 : Import timing summary.
TMR-3509 : Import timing summary.
TMR-3509 : Import timing summary.
TMR-3509 : Import timing summary.
TMR-3509 : Import timing summary.
TMR-3509 : Import timing summary.
TMR-3509 : Import timing summary.
TMR-3509 : Import timing summary.
TMR-3509 : Import timing summary.
TMR-3509 : Import timing summary.
TMR-3509 : Import timing summary.
TMR-3509 : Import timing summary.
TMR-3509 : Import timing summary.
TMR-3509 : Import timing summary.
TMR-3509 : Import timing summary.
TMR-3509 : Import timing summary.
TMR-3509 : Import timing summary.
TMR-3509 : Import timing summary.
TMR-3509 : Import timing summary.
TMR-3509 : Import timing summary.
TMR-3509 : Import timing summary.
TMR-3509 : Import timing summary.
TMR-3509 : Import timing summary.
TMR-3509 : Import timing summary.
RUN-1001 : phy_1: run complete.
TMR-3509 : Import timing summary.
TMR-3509 : Import timing summary.
RUN-1001 : open_run phy_1.
RUN-1002 : start command "import_db C:/Users/Daggal/Desktop/Cortex-M0/verilog/prj/CortexM0_SoC_Runs/phy_1/CortexM0_SoC_pr.db"
RUN-1001 : Importing database generated by Tang Dynasty, V5.6.59063.
RUN-1001 : Database version number 46140.
RUN-1001 : Import flow parameters
PHY-1001 : Generate detailed routing grids ...
PHY-1001 : Generate nets ...
PHY-1001 : net SD_CLK_dup_1 will be routed on clock mesh
PHY-1001 : clock net SWCLK_syn_4 will be merged with clock SWCLK_dup_1
PHY-1001 : net System_clk_dup_1 will be routed on clock mesh
PHY-1001 : clock net Gamma_Interface/en_state_syn_4 will be merged with clock Gamma_Interface/en_state
PHY-1001 : clock net PIXEL_PLL_inst/clk0_out will be merged with clock PIXEL_PLL_inst/clk0_buf
PHY-1001 : clock net PLL_inst/clk0_out will be merged with clock PLL_inst/clk0_buf
PHY-1001 : clock net SEG_Interface/smg_inst/cnt_1ms[0]_syn_6 will be merged with clock SEG_Interface/smg_inst/cnt_1ms[0]
PHY-1001 : net u_logic/SCLK will be routed on clock mesh
PHY-1001 : net med_filter_proc_inst/Matrix_Generate_3x3_8Bit_inst/u_line_shift_ram_8bit/DRAM_inst2/clkb will be routed on clock mesh
PHY-1001 : net sdram_rw_top_inst/clk_sdram will be routed on clock mesh
PHY-1001 : clock net sdram_rw_top_inst/u_sdram_top/u_sdram_fifo_ctrl/clk_ref will be merged with clock SDRAM_PLL_inst/clk0_buf
PHY-1001 : net u3_hdmi_tx/PXLCLK_5X_I will be routed on clock mesh
PHY-1001 : eco open net = 0
PHY-1001 : 752 feed throughs used by 455 nets
RUN-1001 : Import timing constraints
RUN-1001 : Import IO constraints
RUN-1001 : Import Inst constraints
RUN-1001 : Import design success TD_VERSION=5.6.59063 , DB_VERSION=46140
RUN-1003 : finish command "import_db C:/Users/Daggal/Desktop/Cortex-M0/verilog/prj/CortexM0_SoC_Runs/phy_1/CortexM0_SoC_pr.db" in  10.134521s wall, 9.921875s user + 0.359375s system = 10.281250s CPU (101.4%)

RUN-1004 : used memory is 885 MB, reserved memory is 867 MB, peak memory is 924 MB
RUN-1002 : start command "report_timing"
RUN-1002 : start command "start_timer"
RUN-1003 : finish command "start_timer" in  3.068618s wall, 2.750000s user + 0.234375s system = 2.984375s CPU (97.3%)

RUN-1004 : used memory is 919 MB, reserved memory is 904 MB, peak memory is 924 MB
RUN-1002 : start command "end_timer"
RUN-1003 : finish command "report_timing" in  4.818218s wall, 4.328125s user + 0.359375s system = 4.687500s CPU (97.3%)

RUN-1004 : used memory is 914 MB, reserved memory is 898 MB, peak memory is 979 MB
RUN-1002 : start command "download -bit CortexM0_SoC_Runs\phy_1\CortexM0_SoC.bit -mode jtag -spd 7 -sec 64 -cable 0"
PRG-2014 : Chip validation success: EAGLE_S20_BG256
RUN-1002 : start command "bit_to_vec -chip EAGLE_S20_BG256 -m jtag_burst -freq 4 -bit CortexM0_SoC_Runs/phy_1/CortexM0_SoC.bit"
RUN-1002 : start command "program -cable 0 -mode svf -spd 7 -p"
RUN-1003 : finish command "program -cable 0 -mode svf -spd 7 -p" in  7.077797s wall, 0.546875s user + 0.750000s system = 1.296875s CPU (18.3%)

RUN-1004 : used memory is 972 MB, reserved memory is 943 MB, peak memory is 991 MB
RUN-1003 : finish command "download -bit CortexM0_SoC_Runs\phy_1\CortexM0_SoC.bit -mode jtag -spd 7 -sec 64 -cable 0" in  7.298995s wall, 0.656250s user + 0.781250s system = 1.437500s CPU (19.7%)

RUN-1004 : used memory is 972 MB, reserved memory is 943 MB, peak memory is 991 MB
GUI-1001 : Download success!
TMR-3509 : Import timing summary.
TMR-3509 : Import timing summary.
RUN-1001 : reset_run syn_1 phy_1.
TMR-3509 : Import timing summary.
GUI-6001 WARNING: File C:/Users/Daggal/Desktop/Cortex-M0/verilog/prj/CortexM0_SoC_Runs/phy_1/CortexM0_SoC.bit does not exist!
RUN-1001 : launch_runs syn_1 phy_1  -jobs 6.
RUN-1001 : syn_1: run complete.
TMR-3509 : Import timing summary.
TMR-3509 : Import timing summary.
TMR-3509 : Import timing summary.
TMR-3509 : Import timing summary.
TMR-3509 : Import timing summary.
TMR-3509 : Import timing summary.
TMR-3509 : Import timing summary.
TMR-3509 : Import timing summary.
TMR-3509 : Import timing summary.
TMR-3509 : Import timing summary.
TMR-3509 : Import timing summary.
TMR-3509 : Import timing summary.
TMR-3509 : Import timing summary.
TMR-3509 : Import timing summary.
TMR-3509 : Import timing summary.
TMR-3509 : Import timing summary.
TMR-3509 : Import timing summary.
TMR-3509 : Import timing summary.
TMR-3509 : Import timing summary.
TMR-3509 : Import timing summary.
TMR-3509 : Import timing summary.
TMR-3509 : Import timing summary.
TMR-3509 : Import timing summary.
TMR-3509 : Import timing summary.
TMR-3509 : Import timing summary.
TMR-3509 : Import timing summary.
TMR-3509 : Import timing summary.
TMR-3509 : Import timing summary.
TMR-3509 : Import timing summary.
TMR-3509 : Import timing summary.
TMR-3509 : Import timing summary.
TMR-3509 : Import timing summary.
TMR-3509 : Import timing summary.
TMR-3509 : Import timing summary.
TMR-3509 : Import timing summary.
TMR-3509 : Import timing summary.
TMR-3509 : Import timing summary.
TMR-3509 : Import timing summary.
TMR-3509 : Import timing summary.
TMR-3509 : Import timing summary.
TMR-3509 : Import timing summary.
TMR-3509 : Import timing summary.
TMR-3509 : Import timing summary.
TMR-3509 : Import timing summary.
TMR-3509 : Import timing summary.
TMR-3509 : Import timing summary.
TMR-3509 : Import timing summary.
TMR-3509 : Import timing summary.
TMR-3509 : Import timing summary.
TMR-3509 : Import timing summary.
TMR-3509 : Import timing summary.
TMR-3509 : Import timing summary.
TMR-3509 : Import timing summary.
TMR-3509 : Import timing summary.
TMR-3509 : Import timing summary.
TMR-3509 : Import timing summary.
TMR-3509 : Import timing summary.
TMR-3509 : Import timing summary.
TMR-3509 : Import timing summary.
TMR-3509 : Import timing summary.
TMR-3509 : Import timing summary.
TMR-3509 : Import timing summary.
TMR-3509 : Import timing summary.
TMR-3509 : Import timing summary.
TMR-3509 : Import timing summary.
TMR-3509 : Import timing summary.
TMR-3509 : Import timing summary.
TMR-3509 : Import timing summary.
TMR-3509 : Import timing summary.
TMR-3509 : Import timing summary.
TMR-3509 : Import timing summary.
TMR-3509 : Import timing summary.
TMR-3509 : Import timing summary.
TMR-3509 : Import timing summary.
TMR-3509 : Import timing summary.
TMR-3509 : Import timing summary.
TMR-3509 : Import timing summary.
TMR-3509 : Import timing summary.
TMR-3509 : Import timing summary.
TMR-3509 : Import timing summary.
TMR-3509 : Import timing summary.
TMR-3509 : Import timing summary.
TMR-3509 : Import timing summary.
TMR-3509 : Import timing summary.
TMR-3509 : Import timing summary.
TMR-3509 : Import timing summary.
TMR-3509 : Import timing summary.
TMR-3509 : Import timing summary.
TMR-3509 : Import timing summary.
TMR-3509 : Import timing summary.
TMR-3509 : Import timing summary.
TMR-3509 : Import timing summary.
TMR-3509 : Import timing summary.
TMR-3509 : Import timing summary.
TMR-3509 : Import timing summary.
TMR-3509 : Import timing summary.
TMR-3509 : Import timing summary.
TMR-3509 : Import timing summary.
TMR-3509 : Import timing summary.
TMR-3509 : Import timing summary.
TMR-3509 : Import timing summary.
TMR-3509 : Import timing summary.
TMR-3509 : Import timing summary.
TMR-3509 : Import timing summary.
TMR-3509 : Import timing summary.
TMR-3509 : Import timing summary.
TMR-3509 : Import timing summary.
TMR-3509 : Import timing summary.
TMR-3509 : Import timing summary.
TMR-3509 : Import timing summary.
TMR-3509 : Import timing summary.
TMR-3509 : Import timing summary.
TMR-3509 : Import timing summary.
TMR-3509 : Import timing summary.
TMR-3509 : Import timing summary.
TMR-3509 : Import timing summary.
TMR-3509 : Import timing summary.
TMR-3509 : Import timing summary.
TMR-3509 : Import timing summary.
TMR-3509 : Import timing summary.
TMR-3509 : Import timing summary.
TMR-3509 : Import timing summary.
TMR-3509 : Import timing summary.
TMR-3509 : Import timing summary.
RUN-1001 : phy_1: run complete.
TMR-3509 : Import timing summary.
TMR-3509 : Import timing summary.
TMR-3509 : Import timing summary.
RUN-1001 : open_run phy_1.
RUN-1002 : start command "import_db C:/Users/Daggal/Desktop/Cortex-M0/verilog/prj/CortexM0_SoC_Runs/phy_1/CortexM0_SoC_pr.db"
RUN-1001 : Importing database generated by Tang Dynasty, V5.6.59063.
RUN-1001 : Database version number 46140.
RUN-1001 : Import flow parameters
PHY-1001 : Generate detailed routing grids ...
PHY-1001 : Generate nets ...
PHY-1001 : net SD_CLK_dup_1 will be routed on clock mesh
PHY-1001 : clock net SWCLK_syn_4 will be merged with clock SWCLK_dup_1
PHY-1001 : net System_clk_dup_1 will be routed on clock mesh
PHY-1001 : clock net Gamma_Interface/en_state_syn_4 will be merged with clock Gamma_Interface/en_state
PHY-1001 : clock net PIXEL_PLL_inst/clk0_out will be merged with clock PIXEL_PLL_inst/clk0_buf
PHY-1001 : clock net PLL_inst/clk0_out will be merged with clock PLL_inst/clk0_buf
PHY-1001 : clock net SEG_Interface/smg_inst/cnt_1ms[0]_syn_6 will be merged with clock SEG_Interface/smg_inst/cnt_1ms[0]
PHY-1001 : net u_logic/SCLK will be routed on clock mesh
PHY-1001 : net med_filter_proc_inst/Matrix_Generate_3x3_8Bit_inst/u_line_shift_ram_8bit/DRAM_inst2/clkb will be routed on clock mesh
PHY-1001 : net sdram_rw_top_inst/clk_sdram will be routed on clock mesh
PHY-1001 : clock net sdram_rw_top_inst/u_sdram_top/u_sdram_fifo_ctrl/clk_ref will be merged with clock SDRAM_PLL_inst/clk0_buf
PHY-1001 : net u3_hdmi_tx/PXLCLK_5X_I will be routed on clock mesh
PHY-1001 : eco open net = 0
PHY-1001 : 752 feed throughs used by 455 nets
RUN-1001 : Import timing constraints
RUN-1001 : Import IO constraints
RUN-1001 : Import Inst constraints
RUN-1001 : Import design success TD_VERSION=5.6.59063 , DB_VERSION=46140
RUN-1003 : finish command "import_db C:/Users/Daggal/Desktop/Cortex-M0/verilog/prj/CortexM0_SoC_Runs/phy_1/CortexM0_SoC_pr.db" in  9.258360s wall, 9.125000s user + 0.187500s system = 9.312500s CPU (100.6%)

RUN-1004 : used memory is 942 MB, reserved memory is 912 MB, peak memory is 991 MB
RUN-1002 : start command "report_timing"
RUN-1002 : start command "start_timer"
RUN-1003 : finish command "start_timer" in  1.810789s wall, 1.796875s user + 0.015625s system = 1.812500s CPU (100.1%)

RUN-1004 : used memory is 972 MB, reserved memory is 944 MB, peak memory is 991 MB
RUN-1002 : start command "end_timer"
RUN-1003 : finish command "report_timing" in  2.889999s wall, 2.890625s user + 0.031250s system = 2.921875s CPU (101.1%)

RUN-1004 : used memory is 965 MB, reserved memory is 938 MB, peak memory is 1031 MB
RUN-1002 : start command "download -bit CortexM0_SoC_Runs\phy_1\CortexM0_SoC.bit -mode jtag -spd 7 -sec 64 -cable 0"
PRG-2014 : Chip validation success: EAGLE_S20_BG256
RUN-1002 : start command "bit_to_vec -chip EAGLE_S20_BG256 -m jtag_burst -freq 4 -bit CortexM0_SoC_Runs/phy_1/CortexM0_SoC.bit"
RUN-1002 : start command "program -cable 0 -mode svf -spd 7 -p"
RUN-1003 : finish command "program -cable 0 -mode svf -spd 7 -p" in  7.039851s wall, 0.515625s user + 0.500000s system = 1.015625s CPU (14.4%)

RUN-1004 : used memory is 991 MB, reserved memory is 963 MB, peak memory is 1031 MB
RUN-1003 : finish command "download -bit CortexM0_SoC_Runs\phy_1\CortexM0_SoC.bit -mode jtag -spd 7 -sec 64 -cable 0" in  7.279994s wall, 0.671875s user + 0.531250s system = 1.203125s CPU (16.5%)

RUN-1004 : used memory is 991 MB, reserved memory is 963 MB, peak memory is 1031 MB
GUI-1001 : Download success!
HDL-1007 : analyze verilog file ../rtl/Block_RAM.v
TMR-3509 : Import timing summary.
TMR-3509 : Import timing summary.
TMR-3509 : Import timing summary.
RUN-1001 : reset_run syn_1 phy_1.
TMR-3509 : Import timing summary.
RUN-6001 WARNING: Failed to reset phy_1: some files can't be removed in C:/Users/Daggal/Desktop/Cortex-M0/verilog/prj/CortexM0_SoC_Runs/phy_1
GUI-6001 WARNING: File C:/Users/Daggal/Desktop/Cortex-M0/verilog/prj/CortexM0_SoC_Runs/phy_1/CortexM0_SoC.bit does not exist!
RUN-1001 : launch_runs syn_1 phy_1  -jobs 6.
RUN-1001 : syn_1: run complete.
TMR-3509 : Import timing summary.
TMR-3509 : Import timing summary.
TMR-3509 : Import timing summary.
TMR-3509 : Import timing summary.
TMR-3509 : Import timing summary.
TMR-3509 : Import timing summary.
TMR-3509 : Import timing summary.
TMR-3509 : Import timing summary.
TMR-3509 : Import timing summary.
TMR-3509 : Import timing summary.
TMR-3509 : Import timing summary.
TMR-3509 : Import timing summary.
TMR-3509 : Import timing summary.
TMR-3509 : Import timing summary.
TMR-3509 : Import timing summary.
TMR-3509 : Import timing summary.
TMR-3509 : Import timing summary.
TMR-3509 : Import timing summary.
TMR-3509 : Import timing summary.
TMR-3509 : Import timing summary.
TMR-3509 : Import timing summary.
TMR-3509 : Import timing summary.
TMR-3509 : Import timing summary.
TMR-3509 : Import timing summary.
TMR-3509 : Import timing summary.
TMR-3509 : Import timing summary.
TMR-3509 : Import timing summary.
TMR-3509 : Import timing summary.
TMR-3509 : Import timing summary.
TMR-3509 : Import timing summary.
TMR-3509 : Import timing summary.
TMR-3509 : Import timing summary.
TMR-3509 : Import timing summary.
TMR-3509 : Import timing summary.
TMR-3509 : Import timing summary.
TMR-3509 : Import timing summary.
TMR-3509 : Import timing summary.
TMR-3509 : Import timing summary.
TMR-3509 : Import timing summary.
TMR-3509 : Import timing summary.
TMR-3509 : Import timing summary.
TMR-3509 : Import timing summary.
TMR-3509 : Import timing summary.
TMR-3509 : Import timing summary.
TMR-3509 : Import timing summary.
TMR-3509 : Import timing summary.
TMR-3509 : Import timing summary.
TMR-3509 : Import timing summary.
TMR-3509 : Import timing summary.
TMR-3509 : Import timing summary.
TMR-3509 : Import timing summary.
TMR-3509 : Import timing summary.
TMR-3509 : Import timing summary.
TMR-3509 : Import timing summary.
TMR-3509 : Import timing summary.
TMR-3509 : Import timing summary.
TMR-3509 : Import timing summary.
TMR-3509 : Import timing summary.
TMR-3509 : Import timing summary.
TMR-3509 : Import timing summary.
TMR-3509 : Import timing summary.
TMR-3509 : Import timing summary.
TMR-3509 : Import timing summary.
TMR-3509 : Import timing summary.
TMR-3509 : Import timing summary.
TMR-3509 : Import timing summary.
TMR-3509 : Import timing summary.
TMR-3509 : Import timing summary.
TMR-3509 : Import timing summary.
TMR-3509 : Import timing summary.
TMR-3509 : Import timing summary.
TMR-3509 : Import timing summary.
TMR-3509 : Import timing summary.
TMR-3509 : Import timing summary.
TMR-3509 : Import timing summary.
TMR-3509 : Import timing summary.
TMR-3509 : Import timing summary.
TMR-3509 : Import timing summary.
TMR-3509 : Import timing summary.
TMR-3509 : Import timing summary.
TMR-3509 : Import timing summary.
TMR-3509 : Import timing summary.
TMR-3509 : Import timing summary.
TMR-3509 : Import timing summary.
TMR-3509 : Import timing summary.
TMR-3509 : Import timing summary.
TMR-3509 : Import timing summary.
TMR-3509 : Import timing summary.
TMR-3509 : Import timing summary.
TMR-3509 : Import timing summary.
TMR-3509 : Import timing summary.
TMR-3509 : Import timing summary.
TMR-3509 : Import timing summary.
TMR-3509 : Import timing summary.
TMR-3509 : Import timing summary.
TMR-3509 : Import timing summary.
TMR-3509 : Import timing summary.
TMR-3509 : Import timing summary.
TMR-3509 : Import timing summary.
TMR-3509 : Import timing summary.
TMR-3509 : Import timing summary.
TMR-3509 : Import timing summary.
TMR-3509 : Import timing summary.
TMR-3509 : Import timing summary.
TMR-3509 : Import timing summary.
TMR-3509 : Import timing summary.
TMR-3509 : Import timing summary.
TMR-3509 : Import timing summary.
TMR-3509 : Import timing summary.
TMR-3509 : Import timing summary.
TMR-3509 : Import timing summary.
TMR-3509 : Import timing summary.
TMR-3509 : Import timing summary.
TMR-3509 : Import timing summary.
TMR-3509 : Import timing summary.
TMR-3509 : Import timing summary.
RUN-1001 : phy_1: run complete.
TMR-3509 : Import timing summary.
TMR-3509 : Import timing summary.
RUN-1001 : open_run phy_1.
RUN-1002 : start command "import_db C:/Users/Daggal/Desktop/Cortex-M0/verilog/prj/CortexM0_SoC_Runs/phy_1/CortexM0_SoC_pr.db"
RUN-1001 : Importing database generated by Tang Dynasty, V5.6.59063.
RUN-1001 : Database version number 46140.
RUN-1001 : Import flow parameters
PHY-1001 : Generate detailed routing grids ...
PHY-1001 : Generate nets ...
PHY-1001 : net SD_CLK_dup_1 will be routed on clock mesh
PHY-1001 : clock net SWCLK_syn_4 will be merged with clock SWCLK_dup_1
PHY-1001 : net System_clk_dup_1 will be routed on clock mesh
PHY-1001 : clock net Gamma_Interface/en_state_syn_4 will be merged with clock Gamma_Interface/en_state
PHY-1001 : clock net PIXEL_PLL_inst/clk0_out will be merged with clock PIXEL_PLL_inst/clk0_buf
PHY-1001 : clock net PLL_inst/clk0_out will be merged with clock PLL_inst/clk0_buf
PHY-1001 : clock net SEG_Interface/smg_inst/cnt_1ms[0]_syn_6 will be merged with clock SEG_Interface/smg_inst/cnt_1ms[0]
PHY-1001 : net u_logic/SCLK will be routed on clock mesh
PHY-1001 : net med_filter_proc_inst/Matrix_Generate_3x3_8Bit_inst/u_line_shift_ram_8bit/DRAM_inst2/clkb will be routed on clock mesh
PHY-1001 : net sdram_rw_top_inst/clk_sdram will be routed on clock mesh
PHY-1001 : clock net sdram_rw_top_inst/u_sdram_top/u_sdram_fifo_ctrl/clk_ref will be merged with clock SDRAM_PLL_inst/clk0_buf
PHY-1001 : net u3_hdmi_tx/PXLCLK_5X_I will be routed on clock mesh
PHY-1001 : eco open net = 0
PHY-1001 : 752 feed throughs used by 455 nets
RUN-1001 : Import timing constraints
RUN-1001 : Import IO constraints
RUN-1001 : Import Inst constraints
RUN-1001 : Import design success TD_VERSION=5.6.59063 , DB_VERSION=46140
RUN-1003 : finish command "import_db C:/Users/Daggal/Desktop/Cortex-M0/verilog/prj/CortexM0_SoC_Runs/phy_1/CortexM0_SoC_pr.db" in  9.184042s wall, 9.000000s user + 0.343750s system = 9.343750s CPU (101.7%)

RUN-1004 : used memory is 950 MB, reserved memory is 922 MB, peak memory is 1031 MB
RUN-1002 : start command "report_timing"
RUN-1002 : start command "start_timer"
RUN-1003 : finish command "start_timer" in  1.743949s wall, 1.734375s user + 0.046875s system = 1.781250s CPU (102.1%)

RUN-1004 : used memory is 980 MB, reserved memory is 954 MB, peak memory is 1031 MB
RUN-1002 : start command "end_timer"
RUN-1003 : finish command "report_timing" in  2.811586s wall, 2.812500s user + 0.046875s system = 2.859375s CPU (101.7%)

RUN-1004 : used memory is 1040 MB, reserved memory is 1015 MB, peak memory is 1040 MB
RUN-1002 : start command "download -bit CortexM0_SoC_Runs\phy_1\CortexM0_SoC.bit -mode jtag -spd 7 -sec 64 -cable 0"
PRG-2014 : Chip validation success: EAGLE_S20_BG256
RUN-1002 : start command "bit_to_vec -chip EAGLE_S20_BG256 -m jtag_burst -freq 4 -bit CortexM0_SoC_Runs/phy_1/CortexM0_SoC.bit"
RUN-1002 : start command "program -cable 0 -mode svf -spd 7 -p"
RUN-1003 : finish command "program -cable 0 -mode svf -spd 7 -p" in  7.042220s wall, 0.578125s user + 1.078125s system = 1.656250s CPU (23.5%)

RUN-1004 : used memory is 1061 MB, reserved memory is 1036 MB, peak memory is 1080 MB
RUN-1003 : finish command "download -bit CortexM0_SoC_Runs\phy_1\CortexM0_SoC.bit -mode jtag -spd 7 -sec 64 -cable 0" in  7.252270s wall, 0.687500s user + 1.140625s system = 1.828125s CPU (25.2%)

RUN-1004 : used memory is 1061 MB, reserved memory is 1036 MB, peak memory is 1080 MB
GUI-1001 : Download success!
RUN-1002 : start command "download -bit CortexM0_SoC_Runs\phy_1\CortexM0_SoC.bit -mode jtag -spd 7 -sec 64 -cable 0"
PRG-2014 : Chip validation success: EAGLE_S20_BG256
RUN-1002 : start command "bit_to_vec -chip EAGLE_S20_BG256 -m jtag_burst -freq 4 -bit CortexM0_SoC_Runs/phy_1/CortexM0_SoC.bit"
RUN-1002 : start command "program -cable 0 -mode svf -spd 7 -p"
RUN-1003 : finish command "program -cable 0 -mode svf -spd 7 -p" in  7.073520s wall, 0.515625s user + 0.750000s system = 1.265625s CPU (17.9%)

RUN-1004 : used memory is 1012 MB, reserved memory is 1044 MB, peak memory is 1080 MB
RUN-1003 : finish command "download -bit CortexM0_SoC_Runs\phy_1\CortexM0_SoC.bit -mode jtag -spd 7 -sec 64 -cable 0" in  7.312875s wall, 0.671875s user + 0.781250s system = 1.453125s CPU (19.9%)

RUN-1004 : used memory is 1012 MB, reserved memory is 1044 MB, peak memory is 1080 MB
GUI-1001 : Download success!
TMR-3509 : Import timing summary.
TMR-3509 : Import timing summary.
RUN-1001 : reset_run syn_1 phy_1.
TMR-3509 : Import timing summary.
GUI-6001 WARNING: File C:/Users/Daggal/Desktop/Cortex-M0/verilog/prj/CortexM0_SoC_Runs/phy_1/CortexM0_SoC.bit does not exist!
RUN-1001 : launch_runs syn_1 phy_1  -jobs 6.
RUN-1001 : syn_1: run complete.
TMR-3509 : Import timing summary.
TMR-3509 : Import timing summary.
TMR-3509 : Import timing summary.
TMR-3509 : Import timing summary.
TMR-3509 : Import timing summary.
TMR-3509 : Import timing summary.
TMR-3509 : Import timing summary.
TMR-3509 : Import timing summary.
TMR-3509 : Import timing summary.
TMR-3509 : Import timing summary.
TMR-3509 : Import timing summary.
TMR-3509 : Import timing summary.
TMR-3509 : Import timing summary.
TMR-3509 : Import timing summary.
TMR-3509 : Import timing summary.
TMR-3509 : Import timing summary.
TMR-3509 : Import timing summary.
TMR-3509 : Import timing summary.
TMR-3509 : Import timing summary.
TMR-3509 : Import timing summary.
TMR-3509 : Import timing summary.
TMR-3509 : Import timing summary.
TMR-3509 : Import timing summary.
TMR-3509 : Import timing summary.
TMR-3509 : Import timing summary.
TMR-3509 : Import timing summary.
TMR-3509 : Import timing summary.
TMR-3509 : Import timing summary.
TMR-3509 : Import timing summary.
TMR-3509 : Import timing summary.
TMR-3509 : Import timing summary.
TMR-3509 : Import timing summary.
TMR-3509 : Import timing summary.
TMR-3509 : Import timing summary.
TMR-3509 : Import timing summary.
TMR-3509 : Import timing summary.
TMR-3509 : Import timing summary.
TMR-3509 : Import timing summary.
TMR-3509 : Import timing summary.
TMR-3509 : Import timing summary.
TMR-3509 : Import timing summary.
TMR-3509 : Import timing summary.
TMR-3509 : Import timing summary.
TMR-3509 : Import timing summary.
TMR-3509 : Import timing summary.
TMR-3509 : Import timing summary.
TMR-3509 : Import timing summary.
TMR-3509 : Import timing summary.
TMR-3509 : Import timing summary.
TMR-3509 : Import timing summary.
TMR-3509 : Import timing summary.
TMR-3509 : Import timing summary.
TMR-3509 : Import timing summary.
TMR-3509 : Import timing summary.
TMR-3509 : Import timing summary.
TMR-3509 : Import timing summary.
TMR-3509 : Import timing summary.
TMR-3509 : Import timing summary.
TMR-3509 : Import timing summary.
TMR-3509 : Import timing summary.
TMR-3509 : Import timing summary.
TMR-3509 : Import timing summary.
TMR-3509 : Import timing summary.
TMR-3509 : Import timing summary.
TMR-3509 : Import timing summary.
TMR-3509 : Import timing summary.
TMR-3509 : Import timing summary.
TMR-3509 : Import timing summary.
TMR-3509 : Import timing summary.
TMR-3509 : Import timing summary.
TMR-3509 : Import timing summary.
TMR-3509 : Import timing summary.
TMR-3509 : Import timing summary.
TMR-3509 : Import timing summary.
TMR-3509 : Import timing summary.
TMR-3509 : Import timing summary.
TMR-3509 : Import timing summary.
TMR-3509 : Import timing summary.
TMR-3509 : Import timing summary.
TMR-3509 : Import timing summary.
TMR-3509 : Import timing summary.
TMR-3509 : Import timing summary.
TMR-3509 : Import timing summary.
TMR-3509 : Import timing summary.
TMR-3509 : Import timing summary.
TMR-3509 : Import timing summary.
TMR-3509 : Import timing summary.
TMR-3509 : Import timing summary.
TMR-3509 : Import timing summary.
TMR-3509 : Import timing summary.
TMR-3509 : Import timing summary.
TMR-3509 : Import timing summary.
TMR-3509 : Import timing summary.
TMR-3509 : Import timing summary.
TMR-3509 : Import timing summary.
TMR-3509 : Import timing summary.
TMR-3509 : Import timing summary.
TMR-3509 : Import timing summary.
TMR-3509 : Import timing summary.
TMR-3509 : Import timing summary.
TMR-3509 : Import timing summary.
TMR-3509 : Import timing summary.
TMR-3509 : Import timing summary.
TMR-3509 : Import timing summary.
TMR-3509 : Import timing summary.
TMR-3509 : Import timing summary.
TMR-3509 : Import timing summary.
TMR-3509 : Import timing summary.
TMR-3509 : Import timing summary.
TMR-3509 : Import timing summary.
TMR-3509 : Import timing summary.
TMR-3509 : Import timing summary.
TMR-3509 : Import timing summary.
TMR-3509 : Import timing summary.
TMR-3509 : Import timing summary.
TMR-3509 : Import timing summary.
TMR-3509 : Import timing summary.
TMR-3509 : Import timing summary.
RUN-1001 : phy_1: run complete.
TMR-3509 : Import timing summary.
TMR-3509 : Import timing summary.
RUN-1001 : open_run phy_1.
RUN-1002 : start command "import_db C:/Users/Daggal/Desktop/Cortex-M0/verilog/prj/CortexM0_SoC_Runs/phy_1/CortexM0_SoC_pr.db"
RUN-1001 : Importing database generated by Tang Dynasty, V5.6.59063.
RUN-1001 : Database version number 46140.
RUN-1001 : Import flow parameters
PHY-1001 : Generate detailed routing grids ...
PHY-1001 : Generate nets ...
PHY-1001 : net SD_CLK_dup_1 will be routed on clock mesh
PHY-1001 : clock net SWCLK_syn_4 will be merged with clock SWCLK_dup_1
PHY-1001 : net System_clk_dup_1 will be routed on clock mesh
PHY-1001 : clock net Gamma_Interface/en_state_syn_4 will be merged with clock Gamma_Interface/en_state
PHY-1001 : clock net PIXEL_PLL_inst/clk0_out will be merged with clock PIXEL_PLL_inst/clk0_buf
PHY-1001 : clock net PLL_inst/clk0_out will be merged with clock PLL_inst/clk0_buf
PHY-1001 : clock net SEG_Interface/smg_inst/cnt_1ms[0]_syn_6 will be merged with clock SEG_Interface/smg_inst/cnt_1ms[0]
PHY-1001 : net u_logic/SCLK will be routed on clock mesh
PHY-1001 : net med_filter_proc_inst/Matrix_Generate_3x3_8Bit_inst/u_line_shift_ram_8bit/DRAM_inst2/clkb will be routed on clock mesh
PHY-1001 : net sdram_rw_top_inst/clk_sdram will be routed on clock mesh
PHY-1001 : clock net sdram_rw_top_inst/u_sdram_top/u_sdram_fifo_ctrl/clk_ref will be merged with clock SDRAM_PLL_inst/clk0_buf
PHY-1001 : net u3_hdmi_tx/PXLCLK_5X_I will be routed on clock mesh
PHY-1001 : eco open net = 0
PHY-1001 : 752 feed throughs used by 455 nets
RUN-1001 : Import timing constraints
RUN-1001 : Import IO constraints
RUN-1001 : Import Inst constraints
RUN-1001 : Import design success TD_VERSION=5.6.59063 , DB_VERSION=46140
RUN-1003 : finish command "import_db C:/Users/Daggal/Desktop/Cortex-M0/verilog/prj/CortexM0_SoC_Runs/phy_1/CortexM0_SoC_pr.db" in  9.087473s wall, 8.875000s user + 0.250000s system = 9.125000s CPU (100.4%)

RUN-1004 : used memory is 904 MB, reserved memory is 956 MB, peak memory is 1080 MB
RUN-1002 : start command "report_timing"
RUN-1002 : start command "start_timer"
RUN-1003 : finish command "start_timer" in  1.780811s wall, 1.781250s user + 0.015625s system = 1.796875s CPU (100.9%)

RUN-1004 : used memory is 938 MB, reserved memory is 992 MB, peak memory is 1080 MB
RUN-1002 : start command "end_timer"
RUN-1003 : finish command "report_timing" in  2.868311s wall, 2.859375s user + 0.031250s system = 2.890625s CPU (100.8%)

RUN-1004 : used memory is 998 MB, reserved memory is 1054 MB, peak memory is 1080 MB
RUN-1002 : start command "download -bit CortexM0_SoC_Runs\phy_1\CortexM0_SoC.bit -mode jtag -spd 7 -sec 64 -cable 0"
PRG-2014 : Chip validation success: EAGLE_S20_BG256
RUN-1002 : start command "bit_to_vec -chip EAGLE_S20_BG256 -m jtag_burst -freq 4 -bit CortexM0_SoC_Runs/phy_1/CortexM0_SoC.bit"
RUN-1002 : start command "program -cable 0 -mode svf -spd 7 -p"
RUN-1003 : finish command "program -cable 0 -mode svf -spd 7 -p" in  7.059055s wall, 0.406250s user + 0.953125s system = 1.359375s CPU (19.3%)

RUN-1004 : used memory is 1020 MB, reserved memory is 1075 MB, peak memory is 1080 MB
RUN-1003 : finish command "download -bit CortexM0_SoC_Runs\phy_1\CortexM0_SoC.bit -mode jtag -spd 7 -sec 64 -cable 0" in  7.297502s wall, 0.546875s user + 1.000000s system = 1.546875s CPU (21.2%)

RUN-1004 : used memory is 1020 MB, reserved memory is 1075 MB, peak memory is 1080 MB
GUI-1001 : Download success!
