============================================================
   Tang Dynasty, V5.6.59063
   Copyright (c) 2012-2022 Anlogic
   Executable = D:/Anlogic/TD5.6.59063/bin/td.exe
   Built at =   12:45:13 Sep  6 2022
   Run by =     Daggal
   Run Date =   Thu May  9 21:22:05 2024

   Run on =     DESKTOP-I7CAGU2
============================================================
TMR-3509 : Import timing summary.
RUN-1001 : open_run phy_1.
RUN-1002 : start command "import_db C:/Users/Daggal/Desktop/Cortex-M0/verilog/prj/CortexM0_SoC_Runs/phy_1/CortexM0_SoC_pr.db"
RUN-1001 : Importing database generated by Tang Dynasty, V5.6.59063.
RUN-1001 : Database version number 46140.
RUN-1001 : Import flow parameters
PHY-1001 : Generate detailed routing grids ...
PHY-1001 : Generate nets ...
PHY-1001 : clock net SWCLK_syn_4 will be merged with clock SWCLK_dup_1
PHY-1001 : net System_clk_dup_1 will be routed on clock mesh
PHY-1001 : clock net LED_Interface/light_clk_syn_4 will be merged with clock LED_Interface/light_clk
PHY-1001 : clock net PLL_inst/clk0_out will be merged with clock PLL_inst/clk0_buf
PHY-1001 : clock net SEG_Interface/smg_inst/cnt_1ms[0]_syn_6 will be merged with clock SEG_Interface/smg_inst/cnt_1ms[0]
PHY-1001 : net u_logic/SCLK will be routed on clock mesh
PHY-1001 : eco open net = 0
PHY-1001 : 273 feed throughs used by 166 nets
RUN-1001 : Import timing constraints
RUN-1001 : Import IO constraints
RUN-1001 : Import Inst constraints
RUN-1001 : Import design success TD_VERSION=5.6.59063 , DB_VERSION=46140
RUN-1003 : finish command "import_db C:/Users/Daggal/Desktop/Cortex-M0/verilog/prj/CortexM0_SoC_Runs/phy_1/CortexM0_SoC_pr.db" in  8.871806s wall, 8.640625s user + 0.250000s system = 8.890625s CPU (100.2%)

RUN-1004 : used memory is 630 MB, reserved memory is 607 MB, peak memory is 665 MB
RUN-1002 : start command "report_timing"
RUN-1002 : start command "start_timer"
RUN-1002 : start command "end_timer"
RUN-1003 : finish command "report_timing" in  1.458758s wall, 1.468750s user + 0.015625s system = 1.484375s CPU (101.8%)

RUN-1004 : used memory is 642 MB, reserved memory is 619 MB, peak memory is 711 MB
HDL-1007 : analyze verilog file ../rtl/CortexM0_SoC.v
TMR-3509 : Import timing summary.
HDL-1007 : analyze verilog file ../rtl/CortexM0_SoC.v
TMR-3509 : Import timing summary.
TMR-3509 : Import timing summary.
TMR-3509 : Import timing summary.
TMR-3509 : Import timing summary.
TMR-3509 : Import timing summary.
RUN-1001 : reset_run syn_1 phy_1.
RUN-6001 WARNING: Failed to reset phy_1: some files can't be removed in C:/Users/Daggal/Desktop/Cortex-M0/verilog/prj/CortexM0_SoC_Runs/phy_1
RUN-1001 : launch_runs syn_1 phy_1  -jobs 6.
RUN-1001 : syn_1: run complete.
TMR-3509 : Import timing summary.
TMR-3509 : Import timing summary.
TMR-3509 : Import timing summary.
TMR-3509 : Import timing summary.
TMR-3509 : Import timing summary.
TMR-3509 : Import timing summary.
TMR-3509 : Import timing summary.
TMR-3509 : Import timing summary.
TMR-3509 : Import timing summary.
TMR-3509 : Import timing summary.
TMR-3509 : Import timing summary.
TMR-3509 : Import timing summary.
TMR-3509 : Import timing summary.
TMR-3509 : Import timing summary.
TMR-3509 : Import timing summary.
TMR-3509 : Import timing summary.
TMR-3509 : Import timing summary.
TMR-3509 : Import timing summary.
TMR-3509 : Import timing summary.
TMR-3509 : Import timing summary.
TMR-3509 : Import timing summary.
TMR-3509 : Import timing summary.
TMR-3509 : Import timing summary.
TMR-3509 : Import timing summary.
TMR-3509 : Import timing summary.
TMR-3509 : Import timing summary.
TMR-3509 : Import timing summary.
TMR-3509 : Import timing summary.
TMR-3509 : Import timing summary.
TMR-3509 : Import timing summary.
TMR-3509 : Import timing summary.
TMR-3509 : Import timing summary.
TMR-3509 : Import timing summary.
TMR-3509 : Import timing summary.
TMR-3509 : Import timing summary.
TMR-3509 : Import timing summary.
TMR-3509 : Import timing summary.
TMR-3509 : Import timing summary.
TMR-3509 : Import timing summary.
TMR-3509 : Import timing summary.
TMR-3509 : Import timing summary.
TMR-3509 : Import timing summary.
TMR-3509 : Import timing summary.
TMR-3509 : Import timing summary.
TMR-3509 : Import timing summary.
TMR-3509 : Import timing summary.
TMR-3509 : Import timing summary.
TMR-3509 : Import timing summary.
TMR-3509 : Import timing summary.
TMR-3509 : Import timing summary.
TMR-3509 : Import timing summary.
TMR-3509 : Import timing summary.
TMR-3509 : Import timing summary.
TMR-3509 : Import timing summary.
TMR-3509 : Import timing summary.
TMR-3509 : Import timing summary.
TMR-3509 : Import timing summary.
TMR-3509 : Import timing summary.
TMR-3509 : Import timing summary.
TMR-3509 : Import timing summary.
TMR-3509 : Import timing summary.
TMR-3509 : Import timing summary.
TMR-3509 : Import timing summary.
TMR-3509 : Import timing summary.
TMR-3509 : Import timing summary.
TMR-3509 : Import timing summary.
TMR-3509 : Import timing summary.
TMR-3509 : Import timing summary.
TMR-3509 : Import timing summary.
TMR-3509 : Import timing summary.
TMR-3509 : Import timing summary.
TMR-3509 : Import timing summary.
TMR-3509 : Import timing summary.
TMR-3509 : Import timing summary.
TMR-3509 : Import timing summary.
TMR-3509 : Import timing summary.
TMR-3509 : Import timing summary.
TMR-3509 : Import timing summary.
TMR-3509 : Import timing summary.
TMR-3509 : Import timing summary.
TMR-3509 : Import timing summary.
TMR-3509 : Import timing summary.
TMR-3509 : Import timing summary.
TMR-3509 : Import timing summary.
TMR-3509 : Import timing summary.
TMR-3509 : Import timing summary.
TMR-3509 : Import timing summary.
TMR-3509 : Import timing summary.
RUN-1001 : phy_1: run complete.
TMR-3509 : Import timing summary.
TMR-3509 : Import timing summary.
RUN-1001 : open_run phy_1.
RUN-1002 : start command "import_db C:/Users/Daggal/Desktop/Cortex-M0/verilog/prj/CortexM0_SoC_Runs/phy_1/CortexM0_SoC_pr.db"
RUN-1001 : Importing database generated by Tang Dynasty, V5.6.59063.
RUN-1001 : Database version number 46140.
RUN-1001 : Import flow parameters
PHY-1001 : Generate detailed routing grids ...
PHY-1001 : Generate nets ...
PHY-1001 : clock net SWCLK_syn_4 will be merged with clock SWCLK_dup_1
PHY-1001 : net System_clk_dup_1 will be routed on clock mesh
PHY-1001 : clock net LED_Interface/light_clk_syn_4 will be merged with clock LED_Interface/light_clk
PHY-1001 : clock net PLL_inst/clk0_out will be merged with clock PLL_inst/clk0_buf
PHY-1001 : clock net SEG_Interface/smg_inst/cnt_1ms[0]_syn_6 will be merged with clock SEG_Interface/smg_inst/cnt_1ms[0]
PHY-1001 : net u_logic/SCLK will be routed on clock mesh
PHY-1001 : eco open net = 0
PHY-1001 : 242 feed throughs used by 153 nets
RUN-1001 : Import timing constraints
RUN-1001 : Import IO constraints
RUN-1001 : Import Inst constraints
RUN-1001 : Import design success TD_VERSION=5.6.59063 , DB_VERSION=46140
RUN-1003 : finish command "import_db C:/Users/Daggal/Desktop/Cortex-M0/verilog/prj/CortexM0_SoC_Runs/phy_1/CortexM0_SoC_pr.db" in  5.547479s wall, 5.406250s user + 0.140625s system = 5.546875s CPU (100.0%)

RUN-1004 : used memory is 688 MB, reserved memory is 664 MB, peak memory is 711 MB
RUN-1002 : start command "report_timing"
RUN-1002 : start command "start_timer"
RUN-1002 : start command "end_timer"
RUN-1003 : finish command "report_timing" in  1.546938s wall, 1.546875s user + 0.015625s system = 1.562500s CPU (101.0%)

RUN-1004 : used memory is 702 MB, reserved memory is 691 MB, peak memory is 752 MB
RUN-1002 : start command "download -bit CortexM0_SoC_Runs\phy_1\CortexM0_SoC.bit -mode jtag -spd 7 -sec 64 -cable 0"
PRG-2014 : Chip validation success: EAGLE_S20_BG256
RUN-1002 : start command "bit_to_vec -chip EAGLE_S20_BG256 -m jtag_burst -freq 4 -bit CortexM0_SoC_Runs/phy_1/CortexM0_SoC.bit"
RUN-1002 : start command "program -cable 0 -mode svf -spd 7 -p"
RUN-1003 : finish command "program -cable 0 -mode svf -spd 7 -p" in  6.754694s wall, 0.250000s user + 0.437500s system = 0.687500s CPU (10.2%)

RUN-1004 : used memory is 757 MB, reserved memory is 735 MB, peak memory is 775 MB
RUN-1003 : finish command "download -bit CortexM0_SoC_Runs\phy_1\CortexM0_SoC.bit -mode jtag -spd 7 -sec 64 -cable 0" in  6.983766s wall, 0.375000s user + 0.484375s system = 0.859375s CPU (12.3%)

RUN-1004 : used memory is 757 MB, reserved memory is 735 MB, peak memory is 775 MB
GUI-1001 : Download success!
