============================================================
   Tang Dynasty, V5.6.59063
   Copyright (c) 2012-2022 Anlogic
   Executable = D:/Anlogic/TD5.6.59063/bin/td.exe
   Built at =   12:45:13 Sep  6 2022
   Run by =     Daggal
   Run Date =   Sat May 18 09:22:13 2024

   Run on =     DESKTOP-I7CAGU2
============================================================
TMR-3509 : Import timing summary.
RUN-1001 : open_run phy_1.
RUN-1002 : start command "import_db C:/Users/Daggal/Desktop/Cortex-M0/verilog/prj/CortexM0_SoC_Runs/phy_1/CortexM0_SoC_pr.db"
RUN-1001 : Importing database generated by Tang Dynasty, V5.6.59063.
RUN-1001 : Database version number 46140.
RUN-1001 : Import flow parameters
PHY-1001 : Generate detailed routing grids ...
PHY-1001 : Generate nets ...
PHY-1001 : net SD_CLK_dup_1 will be routed on clock mesh
PHY-1001 : clock net SWCLK_syn_4 will be merged with clock SWCLK_dup_1
PHY-1001 : net System_clk_dup_1 will be routed on clock mesh
PHY-1001 : clock net Gamma_Interface/en_state_syn_4 will be merged with clock Gamma_Interface/en_state
PHY-1001 : clock net PIXEL_PLL_inst/clk0_out will be merged with clock PIXEL_PLL_inst/clk0_buf
PHY-1001 : clock net PLL_inst/clk0_out will be merged with clock PLL_inst/clk0_buf
PHY-1001 : clock net SEG_Interface/smg_inst/cnt_1ms[0]_syn_6 will be merged with clock SEG_Interface/smg_inst/cnt_1ms[0]
PHY-1001 : net u_logic/SCLK will be routed on clock mesh
PHY-1001 : net med_filter_proc_inst/Matrix_Generate_3x3_8Bit_inst/u_line_shift_ram_8bit/DRAM_inst2/clkb will be routed on clock mesh
PHY-1001 : net sdram_rw_top_inst/clk_sdram will be routed on clock mesh
PHY-1001 : clock net sdram_rw_top_inst/u_sdram_top/u_sdram_fifo_ctrl/clk_ref will be merged with clock SDRAM_PLL_inst/clk0_buf
PHY-1001 : net u3_hdmi_tx/PXLCLK_5X_I will be routed on clock mesh
PHY-1001 : eco open net = 0
PHY-1001 : 752 feed throughs used by 455 nets
RUN-1001 : Import timing constraints
RUN-1001 : Import IO constraints
RUN-1001 : Import Inst constraints
RUN-1001 : Import design success TD_VERSION=5.6.59063 , DB_VERSION=46140
RUN-1003 : finish command "import_db C:/Users/Daggal/Desktop/Cortex-M0/verilog/prj/CortexM0_SoC_Runs/phy_1/CortexM0_SoC_pr.db" in  11.768505s wall, 11.500000s user + 0.281250s system = 11.781250s CPU (100.1%)

RUN-1004 : used memory is 787 MB, reserved memory is 767 MB, peak memory is 828 MB
RUN-1002 : start command "report_timing"
RUN-1002 : start command "start_timer"
RUN-1003 : finish command "start_timer" in  1.988044s wall, 1.937500s user + 0.062500s system = 2.000000s CPU (100.6%)

RUN-1004 : used memory is 865 MB, reserved memory is 842 MB, peak memory is 865 MB
RUN-1002 : start command "end_timer"
RUN-1003 : finish command "report_timing" in  3.097626s wall, 3.062500s user + 0.062500s system = 3.125000s CPU (100.9%)

RUN-1004 : used memory is 834 MB, reserved memory is 816 MB, peak memory is 927 MB
RUN-1002 : start command "download -bit CortexM0_SoC_Runs\phy_1\CortexM0_SoC.bit -mode jtag -spd 7 -sec 64 -cable 0"
PRG-2014 : Chip validation success: EAGLE_S20_BG256
RUN-1002 : start command "bit_to_vec -chip EAGLE_S20_BG256 -m jtag_burst -freq 4 -bit CortexM0_SoC_Runs/phy_1/CortexM0_SoC.bit"
RUN-1002 : start command "program -cable 0 -mode svf -spd 7 -p"
RUN-1003 : finish command "program -cable 0 -mode svf -spd 7 -p" in  7.053120s wall, 0.375000s user + 0.859375s system = 1.234375s CPU (17.5%)

RUN-1004 : used memory is 893 MB, reserved memory is 869 MB, peak memory is 927 MB
RUN-1003 : finish command "download -bit CortexM0_SoC_Runs\phy_1\CortexM0_SoC.bit -mode jtag -spd 7 -sec 64 -cable 0" in  7.305229s wall, 0.531250s user + 0.890625s system = 1.421875s CPU (19.5%)

RUN-1004 : used memory is 893 MB, reserved memory is 869 MB, peak memory is 927 MB
GUI-1001 : Download success!
RUN-1002 : start command "download -bit CortexM0_SoC_Runs\phy_1\CortexM0_SoC.bit -mode jtag -spd 7 -sec 64 -cable 0"
PRG-2014 : Chip validation success: EAGLE_S20_BG256
RUN-1002 : start command "bit_to_vec -chip EAGLE_S20_BG256 -m jtag_burst -freq 4 -bit CortexM0_SoC_Runs/phy_1/CortexM0_SoC.bit"
RUN-1002 : start command "program -cable 0 -mode svf -spd 7 -p"
RUN-1003 : finish command "program -cable 0 -mode svf -spd 7 -p" in  7.059609s wall, 0.421875s user + 0.609375s system = 1.031250s CPU (14.6%)

RUN-1004 : used memory is 894 MB, reserved memory is 871 MB, peak memory is 927 MB
RUN-1003 : finish command "download -bit CortexM0_SoC_Runs\phy_1\CortexM0_SoC.bit -mode jtag -spd 7 -sec 64 -cable 0" in  7.312587s wall, 0.593750s user + 0.656250s system = 1.250000s CPU (17.1%)

RUN-1004 : used memory is 894 MB, reserved memory is 871 MB, peak memory is 927 MB
GUI-1001 : Download success!
RUN-1002 : start command "download -bit CortexM0_SoC_Runs\phy_1\CortexM0_SoC.bit -mode jtag -spd 7 -sec 64 -cable 0"
PRG-2014 : Chip validation success: EAGLE_S20_BG256
RUN-1002 : start command "bit_to_vec -chip EAGLE_S20_BG256 -m jtag_burst -freq 4 -bit CortexM0_SoC_Runs/phy_1/CortexM0_SoC.bit"
RUN-1002 : start command "program -cable 0 -mode svf -spd 7 -p"
RUN-1003 : finish command "program -cable 0 -mode svf -spd 7 -p" in  7.075841s wall, 0.343750s user + 1.015625s system = 1.359375s CPU (19.2%)

RUN-1004 : used memory is 897 MB, reserved memory is 873 MB, peak memory is 927 MB
RUN-1003 : finish command "download -bit CortexM0_SoC_Runs\phy_1\CortexM0_SoC.bit -mode jtag -spd 7 -sec 64 -cable 0" in  7.295163s wall, 0.468750s user + 1.046875s system = 1.515625s CPU (20.8%)

RUN-1004 : used memory is 897 MB, reserved memory is 873 MB, peak memory is 927 MB
GUI-1001 : Download success!
RUN-1002 : start command "download -bit CortexM0_SoC_Runs\phy_1\CortexM0_SoC.bit -mode jtag -spd 7 -sec 64 -cable 0"
PRG-2014 : Chip validation success: EAGLE_S20_BG256
RUN-1002 : start command "bit_to_vec -chip EAGLE_S20_BG256 -m jtag_burst -freq 4 -bit CortexM0_SoC_Runs/phy_1/CortexM0_SoC.bit"
RUN-1002 : start command "program -cable 0 -mode svf -spd 7 -p"
RUN-1003 : finish command "program -cable 0 -mode svf -spd 7 -p" in  6.896198s wall, 0.093750s user + 0.031250s system = 0.125000s CPU (1.8%)

RUN-1004 : used memory is 898 MB, reserved memory is 873 MB, peak memory is 927 MB
RUN-1003 : finish command "download -bit CortexM0_SoC_Runs\phy_1\CortexM0_SoC.bit -mode jtag -spd 7 -sec 64 -cable 0" in  7.108211s wall, 0.218750s user + 0.046875s system = 0.265625s CPU (3.7%)

RUN-1004 : used memory is 898 MB, reserved memory is 873 MB, peak memory is 927 MB
GUI-1001 : Download success!
RUN-1002 : start command "download -bit CortexM0_SoC_Runs\phy_1\CortexM0_SoC.bit -mode jtag -spd 7 -sec 64 -cable 0"
PRG-2014 : Chip validation success: EAGLE_S20_BG256
RUN-1002 : start command "bit_to_vec -chip EAGLE_S20_BG256 -m jtag_burst -freq 4 -bit CortexM0_SoC_Runs/phy_1/CortexM0_SoC.bit"
RUN-1002 : start command "program -cable 0 -mode svf -spd 7 -p"
RUN-1003 : finish command "program -cable 0 -mode svf -spd 7 -p" in  7.048299s wall, 0.375000s user + 0.671875s system = 1.046875s CPU (14.9%)

RUN-1004 : used memory is 895 MB, reserved memory is 871 MB, peak memory is 927 MB
RUN-1003 : finish command "download -bit CortexM0_SoC_Runs\phy_1\CortexM0_SoC.bit -mode jtag -spd 7 -sec 64 -cable 0" in  7.266044s wall, 0.500000s user + 0.703125s system = 1.203125s CPU (16.6%)

RUN-1004 : used memory is 895 MB, reserved memory is 871 MB, peak memory is 927 MB
GUI-1001 : Download success!
RUN-1002 : start command "download -bit CortexM0_SoC_Runs\phy_1\CortexM0_SoC.bit -mode jtag -spd 7 -sec 64 -cable 0"
PRG-2014 : Chip validation success: EAGLE_S20_BG256
RUN-1002 : start command "bit_to_vec -chip EAGLE_S20_BG256 -m jtag_burst -freq 4 -bit CortexM0_SoC_Runs/phy_1/CortexM0_SoC.bit"
RUN-1002 : start command "program -cable 0 -mode svf -spd 7 -p"
RUN-1003 : finish command "program -cable 0 -mode svf -spd 7 -p" in  7.078148s wall, 0.375000s user + 0.843750s system = 1.218750s CPU (17.2%)

RUN-1004 : used memory is 898 MB, reserved memory is 873 MB, peak memory is 927 MB
RUN-1003 : finish command "download -bit CortexM0_SoC_Runs\phy_1\CortexM0_SoC.bit -mode jtag -spd 7 -sec 64 -cable 0" in  7.318330s wall, 0.531250s user + 0.859375s system = 1.390625s CPU (19.0%)

RUN-1004 : used memory is 898 MB, reserved memory is 873 MB, peak memory is 927 MB
GUI-1001 : Download success!
RUN-1002 : start command "download -bit CortexM0_SoC_Runs\phy_1\CortexM0_SoC.bit -mode jtag -spd 7 -sec 64 -cable 0"
PRG-2014 : Chip validation success: EAGLE_S20_BG256
RUN-1002 : start command "bit_to_vec -chip EAGLE_S20_BG256 -m jtag_burst -freq 4 -bit CortexM0_SoC_Runs/phy_1/CortexM0_SoC.bit"
RUN-1002 : start command "program -cable 0 -mode svf -spd 7 -p"
RUN-1003 : finish command "program -cable 0 -mode svf -spd 7 -p" in  7.059954s wall, 0.343750s user + 0.796875s system = 1.140625s CPU (16.2%)

RUN-1004 : used memory is 900 MB, reserved memory is 875 MB, peak memory is 927 MB
RUN-1003 : finish command "download -bit CortexM0_SoC_Runs\phy_1\CortexM0_SoC.bit -mode jtag -spd 7 -sec 64 -cable 0" in  7.280994s wall, 0.468750s user + 0.843750s system = 1.312500s CPU (18.0%)

RUN-1004 : used memory is 900 MB, reserved memory is 875 MB, peak memory is 927 MB
GUI-1001 : Download success!
RUN-1002 : start command "download -bit CortexM0_SoC_Runs\phy_1\CortexM0_SoC.bit -mode program_spi -v -spd 7 -sec 64 -cable 0 -flashsize 128"
PRG-2014 : Chip validation success: EAGLE_S20_BG256
PRG-1001 : SPI Flash ID is:  ef
RUN-1002 : start command "bit_to_vec -chip EAGLE_S20_BG256 -m program_spi -freq 4 -bit CortexM0_SoC_Runs/phy_1/CortexM0_SoC.bit"
RUN-1003 : finish command "bit_to_vec -chip EAGLE_S20_BG256 -m program_spi -freq 4 -bit CortexM0_SoC_Runs/phy_1/CortexM0_SoC.bit" in  2.120057s wall, 2.015625s user + 0.109375s system = 2.125000s CPU (100.2%)

RUN-1004 : used memory is 1227 MB, reserved memory is 1214 MB, peak memory is 1239 MB
RUN-1002 : start command "program_spi -cable 0 -spd 7"
RUN-1003 : finish command "program_spi -cable 0 -spd 7" in  105.371704s wall, 12.406250s user + 8.781250s system = 21.187500s CPU (20.1%)

RUN-1004 : used memory is 554 MB, reserved memory is 1214 MB, peak memory is 1239 MB
RUN-1002 : start command "bit_to_vec -chip EAGLE_S20_BG256 -m verify_spi -freq 4 -bit CortexM0_SoC_Runs/phy_1/CortexM0_SoC.bit"
RUN-1002 : start command "program -cable 0 -spd 4"
RUN-1003 : finish command "program -cable 0 -spd 4" in  29.001113s wall, 1.484375s user + 2.750000s system = 4.234375s CPU (14.6%)

RUN-1004 : used memory is 336 MB, reserved memory is 988 MB, peak memory is 1239 MB
RUN-1003 : finish command "download -bit CortexM0_SoC_Runs\phy_1\CortexM0_SoC.bit -mode program_spi -v -spd 7 -sec 64 -cable 0 -flashsize 128" in  139.776183s wall, 17.859375s user + 11.765625s system = 29.625000s CPU (21.2%)

RUN-1004 : used memory is 336 MB, reserved memory is 988 MB, peak memory is 1239 MB
GUI-1001 : Download success!
