============================================================
   Tang Dynasty, V5.6.59063
   Copyright (c) 2012-2022 Anlogic
   Executable = D:/Anlogic/TD5.6.59063/bin/td.exe
   Built at =   12:45:13 Sep  6 2022
   Run by =     Daggal
   Run Date =   Thu May  9 16:45:00 2024

   Run on =     DESKTOP-I7CAGU2
============================================================
ARC-1001 : Device Initialization.
ARC-1001 : ------------------------------------------------------------------
ARC-1001 :            OPTION            |          IO          |   SETTING   
ARC-1001 : ------------------------------------------------------------------
ARC-1001 :   cso_b/cclk/mosi/miso/dout  |  T3/R11/T10/P10/S11  |    gpio    
ARC-1001 :             done             |         P13          |    gpio    
ARC-1001 :           program_b          |          T2          |  dedicate  
ARC-1001 :        tdi/tms/tck/tdo       |   C12/A15/C14/E14    |  dedicate  
ARC-1001 : ------------------------------------------------------------------
ARC-1004 : Device setting, marked 5 dedicate IOs in total.
RUN-1001 : Print Global Property
RUN-1001 : ---------------------------------------------------------------
RUN-1001 :        Parameters        |  Settings  |  Default Values  |  Note  
RUN-1001 : ---------------------------------------------------------------
RUN-1001 :          message         |  standard  |     standard     |        
RUN-1001 :   mixed_pack_place_flow  |     on     |        on        |        
RUN-1001 :        qor_monitor       |    off     |       off        |        
RUN-1001 :        syn_ip_flow       |    off     |       off        |        
RUN-1001 :          thread          |    auto    |       auto       |        
RUN-1001 : ---------------------------------------------------------------
RUN-1001 : Print Design Property
RUN-1001 : --------------------------------------------------------------
RUN-1001 :        Parameters       |  Settings  |  Default Values  |  Note  
RUN-1001 : --------------------------------------------------------------
RUN-1001 :   default_reg_initial   |    auto    |       auto       |        
RUN-1001 :        infer_add        |     on     |        on        |        
RUN-1001 :        infer_fsm        |    off     |       off        |        
RUN-1001 :        infer_mult       |     on     |        on        |        
RUN-1001 :        infer_ram        |     on     |        on        |        
RUN-1001 :        infer_reg        |     on     |        on        |        
RUN-1001 :   infer_reg_init_value  |     on     |        on        |        
RUN-1001 :        infer_rom        |     on     |        on        |        
RUN-1001 :      infer_shifter      |     on     |        on        |        
RUN-1001 : --------------------------------------------------------------
RUN-1001 : Print Rtl Property
RUN-1001 : --------------------------------------------------------------
RUN-1001 :        Parameters       |  Settings  |  Default Values  |  Note  
RUN-1001 : --------------------------------------------------------------
RUN-1001 :       compress_add      |   ripple   |      ripple      |        
RUN-1001 :        elf_sload        |    off     |       off        |        
RUN-1001 :       fix_undriven      |     0      |        0         |        
RUN-1001 :         flatten         |    off     |       off        |        
RUN-1001 :       gate_sharing      |     on     |        on        |        
RUN-1001 :    hdl_warning_level    |   normal   |      normal      |        
RUN-1001 :   impl_internal_tribuf  |     on     |        on        |        
RUN-1001 :      impl_set_reset     |     on     |        on        |        
RUN-1001 :        infer_gsr        |    off     |       off        |        
RUN-1001 :      keep_hierarchy     |    auto    |       auto       |        
RUN-1001 :        max_fanout       |    9999    |       9999       |        
RUN-1001 :      max_oh2bin_len     |     10     |        10        |        
RUN-1001 :       merge_equal       |     on     |        on        |        
RUN-1001 :       merge_equiv       |     on     |        on        |        
RUN-1001 :        merge_mux        |    off     |       off        |        
RUN-1001 :     min_control_set     |     8      |        8         |        
RUN-1001 :      min_ripple_len     |    auto    |       auto       |        
RUN-1001 :       oh2bin_ratio      |    0.08    |       0.08       |        
RUN-1001 :     opt_adder_fanout    |     on     |        on        |        
RUN-1001 :        opt_arith        |     on     |        on        |        
RUN-1001 :       opt_big_gate      |    off     |       off        |        
RUN-1001 :        opt_const        |     on     |        on        |        
RUN-1001 :      opt_const_mult     |     on     |        on        |        
RUN-1001 :       opt_lessthan      |     on     |        on        |        
RUN-1001 :         opt_mux         |    off     |       off        |        
RUN-1001 :         opt_ram         |    high    |       high       |        
RUN-1001 :      rtl_sim_model      |    off     |       off        |        
RUN-1001 :         seq_syn         |     on     |        on        |        
RUN-1001 : --------------------------------------------------------------
HDL-1007 : analyze verilog file al_ip/PLL.v
HDL-1007 : undeclared symbol 'open', assumed default net type 'wire' in al_ip/PLL.v(82)
RUN-1001 : Print Global Property
RUN-1001 : ---------------------------------------------------------------
RUN-1001 :        Parameters        |  Settings  |  Default Values  |  Note  
RUN-1001 : ---------------------------------------------------------------
RUN-1001 :          message         |  standard  |     standard     |        
RUN-1001 :   mixed_pack_place_flow  |     on     |        on        |        
RUN-1001 :        qor_monitor       |    off     |       off        |        
RUN-1001 :        syn_ip_flow       |    off     |       off        |        
RUN-1001 :          thread          |    auto    |       auto       |        
RUN-1001 : ---------------------------------------------------------------
RUN-1001 : Print Design Property
RUN-1001 : --------------------------------------------------------------
RUN-1001 :        Parameters       |  Settings  |  Default Values  |  Note  
RUN-1001 : --------------------------------------------------------------
RUN-1001 :   default_reg_initial   |    auto    |       auto       |        
RUN-1001 :        infer_add        |     on     |        on        |        
RUN-1001 :        infer_fsm        |    off     |       off        |        
RUN-1001 :        infer_mult       |     on     |        on        |        
RUN-1001 :        infer_ram        |     on     |        on        |        
RUN-1001 :        infer_reg        |     on     |        on        |        
RUN-1001 :   infer_reg_init_value  |     on     |        on        |        
RUN-1001 :        infer_rom        |     on     |        on        |        
RUN-1001 :      infer_shifter      |     on     |        on        |        
RUN-1001 : --------------------------------------------------------------
RUN-1001 : Print Rtl Property
RUN-1001 : --------------------------------------------------------------
RUN-1001 :        Parameters       |  Settings  |  Default Values  |  Note  
RUN-1001 : --------------------------------------------------------------
RUN-1001 :       compress_add      |   ripple   |      ripple      |        
RUN-1001 :        elf_sload        |    off     |       off        |        
RUN-1001 :       fix_undriven      |     0      |        0         |        
RUN-1001 :         flatten         |    off     |       off        |        
RUN-1001 :       gate_sharing      |     on     |        on        |        
RUN-1001 :    hdl_warning_level    |   normal   |      normal      |        
RUN-1001 :   impl_internal_tribuf  |     on     |        on        |        
RUN-1001 :      impl_set_reset     |     on     |        on        |        
RUN-1001 :        infer_gsr        |    off     |       off        |        
RUN-1001 :      keep_hierarchy     |    auto    |       auto       |        
RUN-1001 :        max_fanout       |    9999    |       9999       |        
RUN-1001 :      max_oh2bin_len     |     10     |        10        |        
RUN-1001 :       merge_equal       |     on     |        on        |        
RUN-1001 :       merge_equiv       |     on     |        on        |        
RUN-1001 :        merge_mux        |    off     |       off        |        
RUN-1001 :     min_control_set     |     8      |        8         |        
RUN-1001 :      min_ripple_len     |    auto    |       auto       |        
RUN-1001 :       oh2bin_ratio      |    0.08    |       0.08       |        
RUN-1001 :     opt_adder_fanout    |     on     |        on        |        
RUN-1001 :        opt_arith        |     on     |        on        |        
RUN-1001 :       opt_big_gate      |    off     |       off        |        
RUN-1001 :        opt_const        |     on     |        on        |        
RUN-1001 :      opt_const_mult     |     on     |        on        |        
RUN-1001 :       opt_lessthan      |     on     |        on        |        
RUN-1001 :         opt_mux         |    off     |       off        |        
RUN-1001 :         opt_ram         |    high    |       high       |        
RUN-1001 :      rtl_sim_model      |    off     |       off        |        
RUN-1001 :         seq_syn         |     on     |        on        |        
RUN-1001 : --------------------------------------------------------------
HDL-1007 : analyze verilog file ../rtl/AHBlite_Block_RAM.v
HDL-1007 : analyze verilog file ../rtl/AHBlite_Decoder.v
HDL-1007 : analyze verilog file ../rtl/AHBlite_Interconnect.v
HDL-1007 : analyze verilog file ../rtl/AHBlite_LED.v
HDL-1007 : analyze verilog file ../rtl/AHBlite_Matrix_Key.v
HDL-1007 : analyze verilog file ../rtl/AHBlite_SlaveMUX.v
HDL-1007 : analyze verilog file ../rtl/AHBlite_Timer.v
HDL-1007 : analyze verilog file ../rtl/Block_RAM.v
HDL-1007 : analyze verilog file ../rtl/CortexM0_SoC.v
HDL-1007 : undeclared symbol 'HSEL_P4', assumed default net type 'wire' in ../rtl/CortexM0_SoC.v(309)
HDL-1007 : undeclared symbol 'HADDR_P4', assumed default net type 'wire' in ../rtl/CortexM0_SoC.v(310)
HDL-1007 : undeclared symbol 'HBURST_P4', assumed default net type 'wire' in ../rtl/CortexM0_SoC.v(311)
HDL-1007 : undeclared symbol 'HMASTLOCK_P4', assumed default net type 'wire' in ../rtl/CortexM0_SoC.v(312)
HDL-1007 : undeclared symbol 'HPROT_P4', assumed default net type 'wire' in ../rtl/CortexM0_SoC.v(313)
HDL-1007 : undeclared symbol 'HSIZE_P4', assumed default net type 'wire' in ../rtl/CortexM0_SoC.v(314)
HDL-1007 : undeclared symbol 'HTRANS_P4', assumed default net type 'wire' in ../rtl/CortexM0_SoC.v(315)
HDL-1007 : undeclared symbol 'HWDATA_P4', assumed default net type 'wire' in ../rtl/CortexM0_SoC.v(316)
HDL-1007 : undeclared symbol 'HWRITE_P4', assumed default net type 'wire' in ../rtl/CortexM0_SoC.v(317)
HDL-1007 : undeclared symbol 'HREADY_P4', assumed default net type 'wire' in ../rtl/CortexM0_SoC.v(318)
HDL-1007 : undeclared symbol 'HREADYOUT_P4', assumed default net type 'wire' in ../rtl/CortexM0_SoC.v(319)
HDL-1007 : undeclared symbol 'HRDATA_P4', assumed default net type 'wire' in ../rtl/CortexM0_SoC.v(320)
HDL-1007 : undeclared symbol 'HRESP_P4', assumed default net type 'wire' in ../rtl/CortexM0_SoC.v(321)
HDL-1007 : analyze verilog file ../rtl/Keyboard.v
HDL-1007 : analyze verilog file ../rtl/cortexm0ds_logic.v
RUN-1001 : launch_runs syn_1 phy_1  -jobs 6.
RUN-6001 WARNING: syn_1: run failed.
RUN-1001 : open_run syn_1.
RUN-1002 : start command "import_db C:/Users/Daggal/Desktop/Cortex-M0/verilog/prj/CortexM0_SoC_Runs/syn_1/CortexM0_SoC_elaborate.db"
RUN-1001 : Importing database generated by Tang Dynasty, V5.6.59063.
RUN-1001 : Database version number 46140.
RUN-1001 : Import flow parameters
RUN-1001 : Import IO constraints
RUN-1001 : Import Inst constraints
RUN-1001 : Import design success TD_VERSION=5.6.59063 , DB_VERSION=46140
RUN-1002 : start command "report_timing"
RUN-1002 : start command "start_timer"
RUN-1002 : start command "end_timer"
RUN-1001 : reset_run syn_1 phy_1.
RUN-1001 : launch_runs syn_1 phy_1  -jobs 6.
HDL-1007 : analyze verilog file ../rtl/AHBlite_LED.v
RUN-1001 : stop_run syn_1.
RUN-1001 : reset_run syn_1 -step read_design.
RUN-1001 : syn_1: run complete.
RUN-1001 : launch_runs syn_1 phy_1  -jobs 6.
HDL-1007 : analyze verilog file ../rtl/CortexM0_SoC.v
RUN-1001 : stop_run syn_1.
RUN-1001 : reset_run syn_1 -step read_design.
RUN-1001 : syn_1: run complete.
RUN-1001 : launch_runs syn_1 phy_1  -jobs 6.
HDL-1007 : analyze verilog file ../rtl/AHBlite_Block_RAM.v
HDL-1007 : analyze verilog file ../rtl/Block_RAM.v
RUN-1001 : stop_run syn_1.
RUN-1001 : reset_run syn_1 -step read_design.
RUN-1001 : syn_1: run complete.
RUN-1001 : launch_runs syn_1 phy_1  -jobs 6.
RUN-1001 : syn_1: run complete.
TMR-3509 : Import timing summary.
TMR-3509 : Import timing summary.
TMR-3509 : Import timing summary.
TMR-3509 : Import timing summary.
TMR-3509 : Import timing summary.
TMR-3509 : Import timing summary.
TMR-3509 : Import timing summary.
TMR-3509 : Import timing summary.
TMR-3509 : Import timing summary.
TMR-3509 : Import timing summary.
TMR-3509 : Import timing summary.
TMR-3509 : Import timing summary.
TMR-3509 : Import timing summary.
TMR-3509 : Import timing summary.
TMR-3509 : Import timing summary.
TMR-3509 : Import timing summary.
TMR-3509 : Import timing summary.
TMR-3509 : Import timing summary.
TMR-3509 : Import timing summary.
TMR-3509 : Import timing summary.
TMR-3509 : Import timing summary.
TMR-3509 : Import timing summary.
TMR-3509 : Import timing summary.
TMR-3509 : Import timing summary.
TMR-3509 : Import timing summary.
TMR-3509 : Import timing summary.
TMR-3509 : Import timing summary.
TMR-3509 : Import timing summary.
TMR-3509 : Import timing summary.
TMR-3509 : Import timing summary.
TMR-3509 : Import timing summary.
TMR-3509 : Import timing summary.
TMR-3509 : Import timing summary.
TMR-3509 : Import timing summary.
TMR-3509 : Import timing summary.
TMR-3509 : Import timing summary.
TMR-3509 : Import timing summary.
TMR-3509 : Import timing summary.
TMR-3509 : Import timing summary.
TMR-3509 : Import timing summary.
TMR-3509 : Import timing summary.
TMR-3509 : Import timing summary.
TMR-3509 : Import timing summary.
TMR-3509 : Import timing summary.
TMR-3509 : Import timing summary.
TMR-3509 : Import timing summary.
TMR-3509 : Import timing summary.
TMR-3509 : Import timing summary.
TMR-3509 : Import timing summary.
TMR-3509 : Import timing summary.
TMR-3509 : Import timing summary.
TMR-3509 : Import timing summary.
TMR-3509 : Import timing summary.
TMR-3509 : Import timing summary.
TMR-3509 : Import timing summary.
TMR-3509 : Import timing summary.
TMR-3509 : Import timing summary.
TMR-3509 : Import timing summary.
TMR-3509 : Import timing summary.
TMR-3509 : Import timing summary.
TMR-3509 : Import timing summary.
TMR-3509 : Import timing summary.
TMR-3509 : Import timing summary.
TMR-3509 : Import timing summary.
TMR-3509 : Import timing summary.
TMR-3509 : Import timing summary.
TMR-3509 : Import timing summary.
TMR-3509 : Import timing summary.
TMR-3509 : Import timing summary.
TMR-3509 : Import timing summary.
TMR-3509 : Import timing summary.
TMR-3509 : Import timing summary.
TMR-3509 : Import timing summary.
TMR-3509 : Import timing summary.
TMR-3509 : Import timing summary.
TMR-3509 : Import timing summary.
TMR-3509 : Import timing summary.
TMR-3509 : Import timing summary.
TMR-3509 : Import timing summary.
TMR-3509 : Import timing summary.
TMR-3509 : Import timing summary.
TMR-3509 : Import timing summary.
TMR-3509 : Import timing summary.
TMR-3509 : Import timing summary.
TMR-3509 : Import timing summary.
TMR-3509 : Import timing summary.
TMR-3509 : Import timing summary.
TMR-3509 : Import timing summary.
RUN-1001 : phy_1: run complete.
TMR-3509 : Import timing summary.
TMR-3509 : Import timing summary.
TMR-3509 : Import timing summary.
RUN-1001 : open_run phy_1.
RUN-1002 : start command "import_db C:/Users/Daggal/Desktop/Cortex-M0/verilog/prj/CortexM0_SoC_Runs/phy_1/CortexM0_SoC_pr.db"
RUN-1001 : Importing database generated by Tang Dynasty, V5.6.59063.
RUN-1001 : Database version number 46140.
RUN-1001 : Import flow parameters
PHY-1001 : Generate detailed routing grids ...
PHY-1001 : Generate nets ...
PHY-1001 : clock net SWCLK_syn_4 will be merged with clock SWCLK_dup_1
PHY-1001 : net System_clk_dup_1 will be routed on clock mesh
PHY-1001 : clock net LED_Interface/light_clk_syn_4 will be merged with clock LED_Interface/light_clk
PHY-1001 : clock net PLL_inst/clk0_out will be merged with clock PLL_inst/clk0_buf
PHY-1001 : net u_logic/SCLK will be routed on clock mesh
PHY-1001 : eco open net = 0
PHY-1001 : 226 feed throughs used by 139 nets
USR-6116 WARNING: derive_pll_clocks: option -gen_basic_clock is obsolete and has no behavior impact. Please remove it.
RUN-1001 : Import timing constraints
RUN-1001 : Import IO constraints
RUN-1001 : Import Inst constraints
RUN-1001 : Import design success TD_VERSION=5.6.59063 , DB_VERSION=46140
RUN-1003 : finish command "import_db C:/Users/Daggal/Desktop/Cortex-M0/verilog/prj/CortexM0_SoC_Runs/phy_1/CortexM0_SoC_pr.db" in  8.855298s wall, 8.765625s user + 0.171875s system = 8.937500s CPU (100.9%)

RUN-1004 : used memory is 794 MB, reserved memory is 755 MB, peak memory is 829 MB
RUN-1002 : start command "report_timing"
RUN-1002 : start command "start_timer"
RUN-1002 : start command "end_timer"
RUN-1003 : finish command "report_timing" in  1.387851s wall, 1.390625s user + 0.015625s system = 1.406250s CPU (101.3%)

RUN-1004 : used memory is 815 MB, reserved memory is 778 MB, peak memory is 871 MB
TMR-3509 : Import timing summary.
RUN-1002 : start command "download -bit CortexM0_SoC_Runs\phy_1\CortexM0_SoC.bit -mode jtag -spd 7 -sec 64 -cable 0"
PRG-2014 : Chip validation success: EAGLE_S20_BG256
RUN-1002 : start command "bit_to_vec -chip EAGLE_S20_BG256 -m jtag_burst -freq 4 -bit CortexM0_SoC_Runs/phy_1/CortexM0_SoC.bit"
RUN-1002 : start command "program -cable 0 -mode svf -spd 7 -p"
RUN-1003 : finish command "program -cable 0 -mode svf -spd 7 -p" in  6.768190s wall, 0.406250s user + 0.406250s system = 0.812500s CPU (12.0%)

RUN-1004 : used memory is 845 MB, reserved memory is 808 MB, peak memory is 871 MB
RUN-1003 : finish command "download -bit CortexM0_SoC_Runs\phy_1\CortexM0_SoC.bit -mode jtag -spd 7 -sec 64 -cable 0" in  6.994220s wall, 0.531250s user + 0.406250s system = 0.937500s CPU (13.4%)

RUN-1004 : used memory is 845 MB, reserved memory is 808 MB, peak memory is 871 MB
GUI-1001 : Download success!
TMR-3509 : Import timing summary.
TMR-3509 : Import timing summary.
RUN-1001 : reset_run syn_1 phy_1.
TMR-3509 : Import timing summary.
GUI-6001 WARNING: File C:/Users/Daggal/Desktop/Cortex-M0/verilog/prj/CortexM0_SoC_Runs/phy_1/CortexM0_SoC.bit does not exist!
RUN-1001 : launch_runs syn_1 phy_1  -jobs 6.
RUN-1001 : syn_1: run complete.
TMR-3509 : Import timing summary.
TMR-3509 : Import timing summary.
TMR-3509 : Import timing summary.
TMR-3509 : Import timing summary.
TMR-3509 : Import timing summary.
TMR-3509 : Import timing summary.
TMR-3509 : Import timing summary.
TMR-3509 : Import timing summary.
TMR-3509 : Import timing summary.
TMR-3509 : Import timing summary.
TMR-3509 : Import timing summary.
TMR-3509 : Import timing summary.
TMR-3509 : Import timing summary.
TMR-3509 : Import timing summary.
TMR-3509 : Import timing summary.
TMR-3509 : Import timing summary.
TMR-3509 : Import timing summary.
TMR-3509 : Import timing summary.
TMR-3509 : Import timing summary.
TMR-3509 : Import timing summary.
TMR-3509 : Import timing summary.
TMR-3509 : Import timing summary.
TMR-3509 : Import timing summary.
TMR-3509 : Import timing summary.
TMR-3509 : Import timing summary.
TMR-3509 : Import timing summary.
TMR-3509 : Import timing summary.
TMR-3509 : Import timing summary.
TMR-3509 : Import timing summary.
TMR-3509 : Import timing summary.
TMR-3509 : Import timing summary.
TMR-3509 : Import timing summary.
TMR-3509 : Import timing summary.
TMR-3509 : Import timing summary.
TMR-3509 : Import timing summary.
TMR-3509 : Import timing summary.
TMR-3509 : Import timing summary.
TMR-3509 : Import timing summary.
TMR-3509 : Import timing summary.
TMR-3509 : Import timing summary.
TMR-3509 : Import timing summary.
TMR-3509 : Import timing summary.
TMR-3509 : Import timing summary.
TMR-3509 : Import timing summary.
TMR-3509 : Import timing summary.
TMR-3509 : Import timing summary.
TMR-3509 : Import timing summary.
TMR-3509 : Import timing summary.
TMR-3509 : Import timing summary.
TMR-3509 : Import timing summary.
TMR-3509 : Import timing summary.
TMR-3509 : Import timing summary.
TMR-3509 : Import timing summary.
TMR-3509 : Import timing summary.
TMR-3509 : Import timing summary.
TMR-3509 : Import timing summary.
TMR-3509 : Import timing summary.
TMR-3509 : Import timing summary.
TMR-3509 : Import timing summary.
TMR-3509 : Import timing summary.
TMR-3509 : Import timing summary.
TMR-3509 : Import timing summary.
TMR-3509 : Import timing summary.
TMR-3509 : Import timing summary.
TMR-3509 : Import timing summary.
TMR-3509 : Import timing summary.
TMR-3509 : Import timing summary.
TMR-3509 : Import timing summary.
TMR-3509 : Import timing summary.
TMR-3509 : Import timing summary.
TMR-3509 : Import timing summary.
TMR-3509 : Import timing summary.
TMR-3509 : Import timing summary.
TMR-3509 : Import timing summary.
TMR-3509 : Import timing summary.
TMR-3509 : Import timing summary.
TMR-3509 : Import timing summary.
TMR-3509 : Import timing summary.
TMR-3509 : Import timing summary.
TMR-3509 : Import timing summary.
TMR-3509 : Import timing summary.
TMR-3509 : Import timing summary.
TMR-3509 : Import timing summary.
TMR-3509 : Import timing summary.
TMR-3509 : Import timing summary.
TMR-3509 : Import timing summary.
RUN-1001 : phy_1: run complete.
TMR-3509 : Import timing summary.
TMR-3509 : Import timing summary.
RUN-1001 : open_run phy_1.
RUN-1002 : start command "import_db C:/Users/Daggal/Desktop/Cortex-M0/verilog/prj/CortexM0_SoC_Runs/phy_1/CortexM0_SoC_pr.db"
RUN-1001 : Importing database generated by Tang Dynasty, V5.6.59063.
RUN-1001 : Database version number 46140.
RUN-1001 : Import flow parameters
PHY-1001 : Generate detailed routing grids ...
PHY-1001 : Generate nets ...
PHY-1001 : clock net SWCLK_syn_4 will be merged with clock SWCLK_dup_1
PHY-1001 : net System_clk_dup_1 will be routed on clock mesh
PHY-1001 : clock net LED_Interface/light_clk_syn_4 will be merged with clock LED_Interface/light_clk
PHY-1001 : clock net PLL_inst/clk0_out will be merged with clock PLL_inst/clk0_buf
PHY-1001 : net u_logic/SCLK will be routed on clock mesh
PHY-1001 : eco open net = 0
PHY-1001 : 226 feed throughs used by 139 nets
RUN-1001 : Import timing constraints
RUN-1001 : Import IO constraints
RUN-1001 : Import Inst constraints
RUN-1001 : Import design success TD_VERSION=5.6.59063 , DB_VERSION=46140
RUN-1003 : finish command "import_db C:/Users/Daggal/Desktop/Cortex-M0/verilog/prj/CortexM0_SoC_Runs/phy_1/CortexM0_SoC_pr.db" in  5.178600s wall, 5.046875s user + 0.187500s system = 5.234375s CPU (101.1%)

RUN-1004 : used memory is 855 MB, reserved memory is 817 MB, peak memory is 871 MB
RUN-1002 : start command "report_timing"
RUN-1002 : start command "start_timer"
RUN-1002 : start command "end_timer"
RUN-1003 : finish command "report_timing" in  1.352760s wall, 1.359375s user + 0.031250s system = 1.390625s CPU (102.8%)

RUN-1004 : used memory is 855 MB, reserved memory is 818 MB, peak memory is 896 MB
RUN-1002 : start command "download -bit CortexM0_SoC_Runs\phy_1\CortexM0_SoC.bit -mode jtag -spd 7 -sec 64 -cable 0"
PRG-2014 : Chip validation success: EAGLE_S20_BG256
RUN-1002 : start command "bit_to_vec -chip EAGLE_S20_BG256 -m jtag_burst -freq 4 -bit CortexM0_SoC_Runs/phy_1/CortexM0_SoC.bit"
RUN-1002 : start command "program -cable 0 -mode svf -spd 7 -p"
RUN-1003 : finish command "program -cable 0 -mode svf -spd 7 -p" in  6.741034s wall, 0.187500s user + 0.296875s system = 0.484375s CPU (7.2%)

RUN-1004 : used memory is 879 MB, reserved memory is 841 MB, peak memory is 897 MB
RUN-1003 : finish command "download -bit CortexM0_SoC_Runs\phy_1\CortexM0_SoC.bit -mode jtag -spd 7 -sec 64 -cable 0" in  6.965062s wall, 0.312500s user + 0.296875s system = 0.609375s CPU (8.7%)

RUN-1004 : used memory is 879 MB, reserved memory is 841 MB, peak memory is 897 MB
GUI-1001 : Download success!
HDL-1007 : analyze verilog file ../rtl/CortexM0_SoC.v
TMR-3509 : Import timing summary.
TMR-3509 : Import timing summary.
TMR-3509 : Import timing summary.
RUN-1001 : reset_run syn_1 phy_1.
GUI-6001 WARNING: File C:/Users/Daggal/Desktop/Cortex-M0/verilog/prj/CortexM0_SoC_Runs/phy_1/CortexM0_SoC.bit does not exist!
RUN-1001 : launch_runs syn_1 phy_1  -jobs 6.
RUN-1001 : syn_1: run complete.
TMR-3509 : Import timing summary.
TMR-3509 : Import timing summary.
TMR-3509 : Import timing summary.
TMR-3509 : Import timing summary.
TMR-3509 : Import timing summary.
TMR-3509 : Import timing summary.
TMR-3509 : Import timing summary.
TMR-3509 : Import timing summary.
TMR-3509 : Import timing summary.
TMR-3509 : Import timing summary.
TMR-3509 : Import timing summary.
TMR-3509 : Import timing summary.
TMR-3509 : Import timing summary.
TMR-3509 : Import timing summary.
TMR-3509 : Import timing summary.
TMR-3509 : Import timing summary.
RUN-1001 : phy_1: run complete.
TMR-3509 : Import timing summary.
TMR-3509 : Import timing summary.
RUN-1001 : open_run phy_1.
RUN-1002 : start command "import_db C:/Users/Daggal/Desktop/Cortex-M0/verilog/prj/CortexM0_SoC_Runs/phy_1/CortexM0_SoC_pr.db"
RUN-1001 : Importing database generated by Tang Dynasty, V5.6.59063.
RUN-1001 : Database version number 46140.
RUN-1001 : Import flow parameters
PHY-1001 : Generate detailed routing grids ...
PHY-1001 : Generate nets ...
PHY-1001 : clock net SWCLK_syn_4 will be merged with clock SWCLK_dup_1
PHY-1001 : net System_clk_dup_1 will be routed on clock mesh
PHY-1001 : eco open net = 0
PHY-1001 : 40 feed throughs used by 30 nets
RUN-1001 : Import timing constraints
RUN-1001 : Import IO constraints
RUN-1001 : Import Inst constraints
RUN-1001 : Import design success TD_VERSION=5.6.59063 , DB_VERSION=46140
RUN-1003 : finish command "import_db C:/Users/Daggal/Desktop/Cortex-M0/verilog/prj/CortexM0_SoC_Runs/phy_1/CortexM0_SoC_pr.db" in  1.811281s wall, 1.796875s user + 0.140625s system = 1.937500s CPU (107.0%)

RUN-1004 : used memory is 746 MB, reserved memory is 715 MB, peak memory is 897 MB
RUN-1002 : start command "report_timing"
RUN-1002 : start command "start_timer"
RUN-1002 : start command "end_timer"
RUN-1002 : start command "download -bit CortexM0_SoC_Runs\phy_1\CortexM0_SoC.bit -mode jtag -spd 7 -sec 64 -cable 0"
PRG-2014 : Chip validation success: EAGLE_S20_BG256
RUN-1002 : start command "bit_to_vec -chip EAGLE_S20_BG256 -m jtag_burst -freq 4 -bit CortexM0_SoC_Runs/phy_1/CortexM0_SoC.bit"
RUN-1002 : start command "program -cable 0 -mode svf -spd 7 -p"
RUN-1003 : finish command "program -cable 0 -mode svf -spd 7 -p" in  6.390429s wall, 0.328125s user + 0.328125s system = 0.656250s CPU (10.3%)

RUN-1004 : used memory is 772 MB, reserved memory is 740 MB, peak memory is 897 MB
RUN-1003 : finish command "download -bit CortexM0_SoC_Runs\phy_1\CortexM0_SoC.bit -mode jtag -spd 7 -sec 64 -cable 0" in  6.614210s wall, 0.453125s user + 0.343750s system = 0.796875s CPU (12.0%)

RUN-1004 : used memory is 772 MB, reserved memory is 740 MB, peak memory is 897 MB
GUI-1001 : Download success!
TMR-3509 : Import timing summary.
TMR-3509 : Import timing summary.
TMR-3509 : Import timing summary.
RUN-1001 : reset_run syn_1 phy_1.
TMR-3509 : Import timing summary.
GUI-6001 WARNING: File C:/Users/Daggal/Desktop/Cortex-M0/verilog/prj/CortexM0_SoC_Runs/phy_1/CortexM0_SoC.bit does not exist!
RUN-1001 : launch_runs syn_1 phy_1  -jobs 6.
RUN-1001 : syn_1: run complete.
TMR-3509 : Import timing summary.
TMR-3509 : Import timing summary.
TMR-3509 : Import timing summary.
TMR-3509 : Import timing summary.
TMR-3509 : Import timing summary.
TMR-3509 : Import timing summary.
TMR-3509 : Import timing summary.
TMR-3509 : Import timing summary.
TMR-3509 : Import timing summary.
TMR-3509 : Import timing summary.
TMR-3509 : Import timing summary.
TMR-3509 : Import timing summary.
TMR-3509 : Import timing summary.
TMR-3509 : Import timing summary.
TMR-3509 : Import timing summary.
TMR-3509 : Import timing summary.
RUN-1001 : phy_1: run complete.
TMR-3509 : Import timing summary.
TMR-3509 : Import timing summary.
RUN-1001 : open_run phy_1.
RUN-1002 : start command "import_db C:/Users/Daggal/Desktop/Cortex-M0/verilog/prj/CortexM0_SoC_Runs/phy_1/CortexM0_SoC_pr.db"
RUN-1001 : Importing database generated by Tang Dynasty, V5.6.59063.
RUN-1001 : Database version number 46140.
RUN-1001 : Import flow parameters
PHY-1001 : Generate detailed routing grids ...
PHY-1001 : Generate nets ...
PHY-1001 : clock net SWCLK_syn_4 will be merged with clock SWCLK_dup_1
PHY-1001 : net System_clk_dup_1 will be routed on clock mesh
PHY-1001 : eco open net = 0
PHY-1001 : 40 feed throughs used by 30 nets
RUN-1001 : Import timing constraints
RUN-1001 : Import IO constraints
RUN-1001 : Import Inst constraints
RUN-1001 : Import design success TD_VERSION=5.6.59063 , DB_VERSION=46140
RUN-1003 : finish command "import_db C:/Users/Daggal/Desktop/Cortex-M0/verilog/prj/CortexM0_SoC_Runs/phy_1/CortexM0_SoC_pr.db" in  1.629494s wall, 1.546875s user + 0.156250s system = 1.703125s CPU (104.5%)

RUN-1004 : used memory is 780 MB, reserved memory is 743 MB, peak memory is 897 MB
RUN-1002 : start command "report_timing"
RUN-1002 : start command "start_timer"
RUN-1002 : start command "end_timer"
RUN-1002 : start command "download -bit CortexM0_SoC_Runs\phy_1\CortexM0_SoC.bit -mode jtag -spd 7 -sec 64 -cable 0"
PRG-2014 : Chip validation success: EAGLE_S20_BG256
RUN-1002 : start command "bit_to_vec -chip EAGLE_S20_BG256 -m jtag_burst -freq 4 -bit CortexM0_SoC_Runs/phy_1/CortexM0_SoC.bit"
RUN-1002 : start command "program -cable 0 -mode svf -spd 7 -p"
RUN-1003 : finish command "program -cable 0 -mode svf -spd 7 -p" in  6.389187s wall, 0.296875s user + 0.406250s system = 0.703125s CPU (11.0%)

RUN-1004 : used memory is 786 MB, reserved memory is 745 MB, peak memory is 897 MB
RUN-1003 : finish command "download -bit CortexM0_SoC_Runs\phy_1\CortexM0_SoC.bit -mode jtag -spd 7 -sec 64 -cable 0" in  6.611839s wall, 0.421875s user + 0.421875s system = 0.843750s CPU (12.8%)

RUN-1004 : used memory is 786 MB, reserved memory is 745 MB, peak memory is 897 MB
GUI-1001 : Download success!
TMR-3509 : Import timing summary.
HDL-1007 : analyze verilog file ../rtl/CortexM0_SoC.v
TMR-3509 : Import timing summary.
TMR-3509 : Import timing summary.
HDL-1007 : analyze verilog file ../rtl/CortexM0_SoC.v
TMR-3509 : Import timing summary.
TMR-3509 : Import timing summary.
TMR-3509 : Import timing summary.
RUN-1001 : reset_run syn_1 phy_1.
TMR-3509 : Import timing summary.
GUI-6001 WARNING: File C:/Users/Daggal/Desktop/Cortex-M0/verilog/prj/CortexM0_SoC_Runs/phy_1/CortexM0_SoC.bit does not exist!
RUN-1001 : launch_runs syn_1 phy_1  -jobs 6.
RUN-1001 : syn_1: run complete.
TMR-3509 : Import timing summary.
TMR-3509 : Import timing summary.
TMR-3509 : Import timing summary.
TMR-3509 : Import timing summary.
TMR-3509 : Import timing summary.
TMR-3509 : Import timing summary.
TMR-3509 : Import timing summary.
TMR-3509 : Import timing summary.
TMR-3509 : Import timing summary.
TMR-3509 : Import timing summary.
TMR-3509 : Import timing summary.
TMR-3509 : Import timing summary.
TMR-3509 : Import timing summary.
TMR-3509 : Import timing summary.
TMR-3509 : Import timing summary.
TMR-3509 : Import timing summary.
TMR-3509 : Import timing summary.
TMR-3509 : Import timing summary.
TMR-3509 : Import timing summary.
TMR-3509 : Import timing summary.
TMR-3509 : Import timing summary.
TMR-3509 : Import timing summary.
TMR-3509 : Import timing summary.
TMR-3509 : Import timing summary.
TMR-3509 : Import timing summary.
TMR-3509 : Import timing summary.
TMR-3509 : Import timing summary.
TMR-3509 : Import timing summary.
TMR-3509 : Import timing summary.
TMR-3509 : Import timing summary.
TMR-3509 : Import timing summary.
TMR-3509 : Import timing summary.
TMR-3509 : Import timing summary.
TMR-3509 : Import timing summary.
TMR-3509 : Import timing summary.
TMR-3509 : Import timing summary.
TMR-3509 : Import timing summary.
TMR-3509 : Import timing summary.
TMR-3509 : Import timing summary.
TMR-3509 : Import timing summary.
TMR-3509 : Import timing summary.
TMR-3509 : Import timing summary.
TMR-3509 : Import timing summary.
TMR-3509 : Import timing summary.
TMR-3509 : Import timing summary.
TMR-3509 : Import timing summary.
TMR-3509 : Import timing summary.
TMR-3509 : Import timing summary.
TMR-3509 : Import timing summary.
TMR-3509 : Import timing summary.
TMR-3509 : Import timing summary.
TMR-3509 : Import timing summary.
TMR-3509 : Import timing summary.
TMR-3509 : Import timing summary.
TMR-3509 : Import timing summary.
TMR-3509 : Import timing summary.
TMR-3509 : Import timing summary.
TMR-3509 : Import timing summary.
TMR-3509 : Import timing summary.
TMR-3509 : Import timing summary.
TMR-3509 : Import timing summary.
TMR-3509 : Import timing summary.
TMR-3509 : Import timing summary.
TMR-3509 : Import timing summary.
TMR-3509 : Import timing summary.
TMR-3509 : Import timing summary.
TMR-3509 : Import timing summary.
TMR-3509 : Import timing summary.
TMR-3509 : Import timing summary.
TMR-3509 : Import timing summary.
TMR-3509 : Import timing summary.
TMR-3509 : Import timing summary.
TMR-3509 : Import timing summary.
TMR-3509 : Import timing summary.
TMR-3509 : Import timing summary.
TMR-3509 : Import timing summary.
TMR-3509 : Import timing summary.
TMR-3509 : Import timing summary.
TMR-3509 : Import timing summary.
TMR-3509 : Import timing summary.
TMR-3509 : Import timing summary.
TMR-3509 : Import timing summary.
TMR-3509 : Import timing summary.
TMR-3509 : Import timing summary.
RUN-1001 : phy_1: run complete.
TMR-3509 : Import timing summary.
TMR-3509 : Import timing summary.
TMR-3509 : Import timing summary.
RUN-1001 : open_run phy_1.
RUN-1002 : start command "import_db C:/Users/Daggal/Desktop/Cortex-M0/verilog/prj/CortexM0_SoC_Runs/phy_1/CortexM0_SoC_pr.db"
RUN-1001 : Importing database generated by Tang Dynasty, V5.6.59063.
RUN-1001 : Database version number 46140.
RUN-1001 : Import flow parameters
PHY-1001 : Generate detailed routing grids ...
PHY-1001 : Generate nets ...
PHY-1001 : clock net SWCLK_syn_4 will be merged with clock SWCLK_dup_1
PHY-1001 : net System_clk_dup_1 will be routed on clock mesh
PHY-1001 : clock net LED_Interface/light_clk_syn_4 will be merged with clock LED_Interface/light_clk
PHY-1001 : clock net PLL_inst/clk0_out will be merged with clock PLL_inst/clk0_buf
PHY-1001 : net u_logic/SCLK will be routed on clock mesh
PHY-1001 : eco open net = 0
PHY-1001 : 226 feed throughs used by 139 nets
RUN-1001 : Import timing constraints
RUN-1001 : Import IO constraints
RUN-1001 : Import Inst constraints
RUN-1001 : Import design success TD_VERSION=5.6.59063 , DB_VERSION=46140
RUN-1003 : finish command "import_db C:/Users/Daggal/Desktop/Cortex-M0/verilog/prj/CortexM0_SoC_Runs/phy_1/CortexM0_SoC_pr.db" in  4.995057s wall, 4.921875s user + 0.203125s system = 5.125000s CPU (102.6%)

RUN-1004 : used memory is 888 MB, reserved memory is 848 MB, peak memory is 897 MB
RUN-1002 : start command "report_timing"
RUN-1002 : start command "start_timer"
RUN-1002 : start command "end_timer"
RUN-1003 : finish command "report_timing" in  1.375368s wall, 1.390625s user + 0.046875s system = 1.437500s CPU (104.5%)

RUN-1004 : used memory is 927 MB, reserved memory is 889 MB, peak memory is 927 MB
RUN-1002 : start command "download -bit CortexM0_SoC_Runs\phy_1\CortexM0_SoC.bit -mode jtag -spd 7 -sec 64 -cable 0"
PRG-2014 : Chip validation success: EAGLE_S20_BG256
RUN-1002 : start command "bit_to_vec -chip EAGLE_S20_BG256 -m jtag_burst -freq 4 -bit CortexM0_SoC_Runs/phy_1/CortexM0_SoC.bit"
RUN-1002 : start command "program -cable 0 -mode svf -spd 7 -p"
RUN-1003 : finish command "program -cable 0 -mode svf -spd 7 -p" in  6.775937s wall, 0.265625s user + 0.281250s system = 0.546875s CPU (8.1%)

RUN-1004 : used memory is 948 MB, reserved memory is 909 MB, peak memory is 966 MB
RUN-1003 : finish command "download -bit CortexM0_SoC_Runs\phy_1\CortexM0_SoC.bit -mode jtag -spd 7 -sec 64 -cable 0" in  7.007768s wall, 0.421875s user + 0.296875s system = 0.718750s CPU (10.3%)

RUN-1004 : used memory is 948 MB, reserved memory is 909 MB, peak memory is 966 MB
GUI-1001 : Download success!
HDL-1007 : analyze verilog file ../rtl/AHBlite_Decoder.v
HDL-1007 : analyze verilog file ../rtl/AHBlite_Interconnect.v
HDL-1007 : analyze verilog file ../rtl/AHBlite_Matrix_Key.v
HDL-1007 : analyze verilog file ../rtl/AHBlite_SlaveMUX.v
HDL-1007 : analyze verilog file ../rtl/CortexM0_SoC.v
HDL-1007 : undeclared symbol 'seg_sel', assumed default net type 'wire' in ../rtl/CortexM0_SoC.v(872)
HDL-1007 : undeclared symbol 'seg_led', assumed default net type 'wire' in ../rtl/CortexM0_SoC.v(873)
TMR-3509 : Import timing summary.
TMR-3509 : Import timing summary.
RUN-1001 : Print Global Property
RUN-1001 : ---------------------------------------------------------------
RUN-1001 :        Parameters        |  Settings  |  Default Values  |  Note  
RUN-1001 : ---------------------------------------------------------------
RUN-1001 :          message         |  standard  |     standard     |        
RUN-1001 :   mixed_pack_place_flow  |     on     |        on        |        
RUN-1001 :        qor_monitor       |    off     |       off        |        
RUN-1001 :        syn_ip_flow       |    off     |       off        |        
RUN-1001 :          thread          |    auto    |       auto       |        
RUN-1001 : ---------------------------------------------------------------
RUN-1001 : Print Design Property
RUN-1001 : --------------------------------------------------------------
RUN-1001 :        Parameters       |  Settings  |  Default Values  |  Note  
RUN-1001 : --------------------------------------------------------------
RUN-1001 :   default_reg_initial   |    auto    |       auto       |        
RUN-1001 :        infer_add        |     on     |        on        |        
RUN-1001 :        infer_fsm        |    off     |       off        |        
RUN-1001 :        infer_mult       |     on     |        on        |        
RUN-1001 :        infer_ram        |     on     |        on        |        
RUN-1001 :        infer_reg        |     on     |        on        |        
RUN-1001 :   infer_reg_init_value  |     on     |        on        |        
RUN-1001 :        infer_rom        |     on     |        on        |        
RUN-1001 :      infer_shifter      |     on     |        on        |        
RUN-1001 : --------------------------------------------------------------
RUN-1001 : Print Rtl Property
RUN-1001 : --------------------------------------------------------------
RUN-1001 :        Parameters       |  Settings  |  Default Values  |  Note  
RUN-1001 : --------------------------------------------------------------
RUN-1001 :       compress_add      |   ripple   |      ripple      |        
RUN-1001 :        elf_sload        |    off     |       off        |        
RUN-1001 :       fix_undriven      |     0      |        0         |        
RUN-1001 :         flatten         |    off     |       off        |        
RUN-1001 :       gate_sharing      |     on     |        on        |        
RUN-1001 :    hdl_warning_level    |   normal   |      normal      |        
RUN-1001 :   impl_internal_tribuf  |     on     |        on        |        
RUN-1001 :      impl_set_reset     |     on     |        on        |        
RUN-1001 :        infer_gsr        |    off     |       off        |        
RUN-1001 :      keep_hierarchy     |    auto    |       auto       |        
RUN-1001 :        max_fanout       |    9999    |       9999       |        
RUN-1001 :      max_oh2bin_len     |     10     |        10        |        
RUN-1001 :       merge_equal       |     on     |        on        |        
RUN-1001 :       merge_equiv       |     on     |        on        |        
RUN-1001 :        merge_mux        |    off     |       off        |        
RUN-1001 :     min_control_set     |     8      |        8         |        
RUN-1001 :      min_ripple_len     |    auto    |       auto       |        
RUN-1001 :       oh2bin_ratio      |    0.08    |       0.08       |        
RUN-1001 :     opt_adder_fanout    |     on     |        on        |        
RUN-1001 :        opt_arith        |     on     |        on        |        
RUN-1001 :       opt_big_gate      |    off     |       off        |        
RUN-1001 :        opt_const        |     on     |        on        |        
RUN-1001 :      opt_const_mult     |     on     |        on        |        
RUN-1001 :       opt_lessthan      |     on     |        on        |        
RUN-1001 :         opt_mux         |    off     |       off        |        
RUN-1001 :         opt_ram         |    high    |       high       |        
RUN-1001 :      rtl_sim_model      |    off     |       off        |        
RUN-1001 :         seq_syn         |     on     |        on        |        
RUN-1001 : --------------------------------------------------------------
HDL-1007 : analyze verilog file al_ip/PLL.v
HDL-1007 : undeclared symbol 'open', assumed default net type 'wire' in al_ip/PLL.v(82)
HDL-1007 : analyze verilog file ../rtl/AHBlite_Block_RAM.v
HDL-1007 : analyze verilog file ../rtl/AHBlite_Decoder.v
HDL-1007 : analyze verilog file ../rtl/AHBlite_Interconnect.v
HDL-1007 : analyze verilog file ../rtl/AHBlite_LED.v
HDL-1007 : analyze verilog file ../rtl/AHBlite_Matrix_Key.v
HDL-1007 : analyze verilog file ../rtl/AHBlite_SlaveMUX.v
HDL-1007 : analyze verilog file ../rtl/AHBlite_Timer.v
HDL-1007 : analyze verilog file ../rtl/Block_RAM.v
HDL-1007 : analyze verilog file ../rtl/CortexM0_SoC.v
HDL-1007 : undeclared symbol 'seg_sel', assumed default net type 'wire' in ../rtl/CortexM0_SoC.v(872)
HDL-1007 : undeclared symbol 'seg_led', assumed default net type 'wire' in ../rtl/CortexM0_SoC.v(873)
HDL-1007 : analyze verilog file ../rtl/Keyboard.v
HDL-1007 : analyze verilog file ../rtl/cortexm0ds_logic.v
HDL-1007 : analyze verilog file ../rtl/AHBlite_SEG.v
TMR-3509 : Import timing summary.
RUN-1001 : Print Global Property
RUN-1001 : ---------------------------------------------------------------
RUN-1001 :        Parameters        |  Settings  |  Default Values  |  Note  
RUN-1001 : ---------------------------------------------------------------
RUN-1001 :          message         |  standard  |     standard     |        
RUN-1001 :   mixed_pack_place_flow  |     on     |        on        |        
RUN-1001 :        qor_monitor       |    off     |       off        |        
RUN-1001 :        syn_ip_flow       |    off     |       off        |        
RUN-1001 :          thread          |    auto    |       auto       |        
RUN-1001 : ---------------------------------------------------------------
RUN-1001 : Print Design Property
RUN-1001 : --------------------------------------------------------------
RUN-1001 :        Parameters       |  Settings  |  Default Values  |  Note  
RUN-1001 : --------------------------------------------------------------
RUN-1001 :   default_reg_initial   |    auto    |       auto       |        
RUN-1001 :        infer_add        |     on     |        on        |        
RUN-1001 :        infer_fsm        |    off     |       off        |        
RUN-1001 :        infer_mult       |     on     |        on        |        
RUN-1001 :        infer_ram        |     on     |        on        |        
RUN-1001 :        infer_reg        |     on     |        on        |        
RUN-1001 :   infer_reg_init_value  |     on     |        on        |        
RUN-1001 :        infer_rom        |     on     |        on        |        
RUN-1001 :      infer_shifter      |     on     |        on        |        
RUN-1001 : --------------------------------------------------------------
RUN-1001 : Print Rtl Property
RUN-1001 : --------------------------------------------------------------
RUN-1001 :        Parameters       |  Settings  |  Default Values  |  Note  
RUN-1001 : --------------------------------------------------------------
RUN-1001 :       compress_add      |   ripple   |      ripple      |        
RUN-1001 :        elf_sload        |    off     |       off        |        
RUN-1001 :       fix_undriven      |     0      |        0         |        
RUN-1001 :         flatten         |    off     |       off        |        
RUN-1001 :       gate_sharing      |     on     |        on        |        
RUN-1001 :    hdl_warning_level    |   normal   |      normal      |        
RUN-1001 :   impl_internal_tribuf  |     on     |        on        |        
RUN-1001 :      impl_set_reset     |     on     |        on        |        
RUN-1001 :        infer_gsr        |    off     |       off        |        
RUN-1001 :      keep_hierarchy     |    auto    |       auto       |        
RUN-1001 :        max_fanout       |    9999    |       9999       |        
RUN-1001 :      max_oh2bin_len     |     10     |        10        |        
RUN-1001 :       merge_equal       |     on     |        on        |        
RUN-1001 :       merge_equiv       |     on     |        on        |        
RUN-1001 :        merge_mux        |    off     |       off        |        
RUN-1001 :     min_control_set     |     8      |        8         |        
RUN-1001 :      min_ripple_len     |    auto    |       auto       |        
RUN-1001 :       oh2bin_ratio      |    0.08    |       0.08       |        
RUN-1001 :     opt_adder_fanout    |     on     |        on        |        
RUN-1001 :        opt_arith        |     on     |        on        |        
RUN-1001 :       opt_big_gate      |    off     |       off        |        
RUN-1001 :        opt_const        |     on     |        on        |        
RUN-1001 :      opt_const_mult     |     on     |        on        |        
RUN-1001 :       opt_lessthan      |     on     |        on        |        
RUN-1001 :         opt_mux         |    off     |       off        |        
RUN-1001 :         opt_ram         |    high    |       high       |        
RUN-1001 :      rtl_sim_model      |    off     |       off        |        
RUN-1001 :         seq_syn         |     on     |        on        |        
RUN-1001 : --------------------------------------------------------------
HDL-1007 : analyze verilog file al_ip/PLL.v
HDL-1007 : undeclared symbol 'open', assumed default net type 'wire' in al_ip/PLL.v(82)
HDL-1007 : analyze verilog file ../rtl/AHBlite_Block_RAM.v
HDL-1007 : analyze verilog file ../rtl/AHBlite_Decoder.v
HDL-1007 : analyze verilog file ../rtl/AHBlite_Interconnect.v
HDL-1007 : analyze verilog file ../rtl/AHBlite_LED.v
HDL-1007 : analyze verilog file ../rtl/AHBlite_Matrix_Key.v
HDL-1007 : analyze verilog file ../rtl/AHBlite_SlaveMUX.v
HDL-1007 : analyze verilog file ../rtl/AHBlite_Timer.v
HDL-1007 : analyze verilog file ../rtl/Block_RAM.v
HDL-1007 : analyze verilog file ../rtl/CortexM0_SoC.v
HDL-1007 : undeclared symbol 'seg_sel', assumed default net type 'wire' in ../rtl/CortexM0_SoC.v(872)
HDL-1007 : undeclared symbol 'seg_led', assumed default net type 'wire' in ../rtl/CortexM0_SoC.v(873)
HDL-1007 : analyze verilog file ../rtl/Keyboard.v
HDL-1007 : analyze verilog file ../rtl/cortexm0ds_logic.v
HDL-1007 : analyze verilog file ../rtl/AHBlite_SEG.v
HDL-1007 : analyze verilog file ../rtl/smg.v
TMR-3509 : Import timing summary.
TMR-3509 : Import timing summary.
RUN-1001 : reset_run syn_1 phy_1.
TMR-3509 : Import timing summary.
GUI-6001 WARNING: File C:/Users/Daggal/Desktop/Cortex-M0/verilog/prj/CortexM0_SoC_Runs/phy_1/CortexM0_SoC.bit does not exist!
RUN-1001 : launch_runs syn_1 phy_1  -jobs 6.
RUN-1001 : syn_1: run complete.
TMR-3509 : Import timing summary.
TMR-3509 : Import timing summary.
TMR-3509 : Import timing summary.
TMR-3509 : Import timing summary.
TMR-3509 : Import timing summary.
TMR-3509 : Import timing summary.
TMR-3509 : Import timing summary.
TMR-3509 : Import timing summary.
TMR-3509 : Import timing summary.
TMR-3509 : Import timing summary.
TMR-3509 : Import timing summary.
TMR-3509 : Import timing summary.
TMR-3509 : Import timing summary.
TMR-3509 : Import timing summary.
TMR-3509 : Import timing summary.
TMR-3509 : Import timing summary.
TMR-3509 : Import timing summary.
TMR-3509 : Import timing summary.
TMR-3509 : Import timing summary.
TMR-3509 : Import timing summary.
TMR-3509 : Import timing summary.
TMR-3509 : Import timing summary.
TMR-3509 : Import timing summary.
TMR-3509 : Import timing summary.
TMR-3509 : Import timing summary.
TMR-3509 : Import timing summary.
TMR-3509 : Import timing summary.
TMR-3509 : Import timing summary.
TMR-3509 : Import timing summary.
TMR-3509 : Import timing summary.
TMR-3509 : Import timing summary.
TMR-3509 : Import timing summary.
TMR-3509 : Import timing summary.
TMR-3509 : Import timing summary.
TMR-3509 : Import timing summary.
TMR-3509 : Import timing summary.
TMR-3509 : Import timing summary.
TMR-3509 : Import timing summary.
TMR-3509 : Import timing summary.
TMR-3509 : Import timing summary.
TMR-3509 : Import timing summary.
TMR-3509 : Import timing summary.
TMR-3509 : Import timing summary.
TMR-3509 : Import timing summary.
TMR-3509 : Import timing summary.
TMR-3509 : Import timing summary.
TMR-3509 : Import timing summary.
TMR-3509 : Import timing summary.
TMR-3509 : Import timing summary.
TMR-3509 : Import timing summary.
TMR-3509 : Import timing summary.
TMR-3509 : Import timing summary.
TMR-3509 : Import timing summary.
TMR-3509 : Import timing summary.
TMR-3509 : Import timing summary.
TMR-3509 : Import timing summary.
TMR-3509 : Import timing summary.
TMR-3509 : Import timing summary.
TMR-3509 : Import timing summary.
TMR-3509 : Import timing summary.
TMR-3509 : Import timing summary.
TMR-3509 : Import timing summary.
TMR-3509 : Import timing summary.
TMR-3509 : Import timing summary.
TMR-3509 : Import timing summary.
TMR-3509 : Import timing summary.
TMR-3509 : Import timing summary.
TMR-3509 : Import timing summary.
TMR-3509 : Import timing summary.
TMR-3509 : Import timing summary.
TMR-3509 : Import timing summary.
TMR-3509 : Import timing summary.
TMR-3509 : Import timing summary.
TMR-3509 : Import timing summary.
TMR-3509 : Import timing summary.
TMR-3509 : Import timing summary.
TMR-3509 : Import timing summary.
TMR-3509 : Import timing summary.
TMR-3509 : Import timing summary.
TMR-3509 : Import timing summary.
TMR-3509 : Import timing summary.
TMR-3509 : Import timing summary.
TMR-3509 : Import timing summary.
TMR-3509 : Import timing summary.
TMR-3509 : Import timing summary.
TMR-3509 : Import timing summary.
TMR-3509 : Import timing summary.
TMR-3509 : Import timing summary.
RUN-1001 : phy_1: run complete.
TMR-3509 : Import timing summary.
TMR-3509 : Import timing summary.
RUN-1001 : open_run phy_1.
RUN-1002 : start command "import_db C:/Users/Daggal/Desktop/Cortex-M0/verilog/prj/CortexM0_SoC_Runs/phy_1/CortexM0_SoC_pr.db"
RUN-1001 : Importing database generated by Tang Dynasty, V5.6.59063.
RUN-1001 : Database version number 46140.
RUN-1001 : Import flow parameters
PHY-1001 : Generate detailed routing grids ...
PHY-1001 : Generate nets ...
PHY-1001 : clock net SWCLK_syn_4 will be merged with clock SWCLK_dup_1
PHY-1001 : net System_clk_dup_1 will be routed on clock mesh
PHY-1001 : clock net LED_Interface/light_clk_syn_4 will be merged with clock LED_Interface/light_clk
PHY-1001 : clock net PLL_inst/clk0_out will be merged with clock PLL_inst/clk0_buf
PHY-1001 : net u_logic/SCLK will be routed on clock mesh
PHY-1001 : eco open net = 0
PHY-1001 : 214 feed throughs used by 153 nets
RUN-1001 : Import timing constraints
RUN-1001 : Import IO constraints
RUN-1001 : Import Inst constraints
RUN-1001 : Import design success TD_VERSION=5.6.59063 , DB_VERSION=46140
RUN-1003 : finish command "import_db C:/Users/Daggal/Desktop/Cortex-M0/verilog/prj/CortexM0_SoC_Runs/phy_1/CortexM0_SoC_pr.db" in  5.296819s wall, 5.218750s user + 0.156250s system = 5.375000s CPU (101.5%)

RUN-1004 : used memory is 763 MB, reserved memory is 860 MB, peak memory is 966 MB
RUN-1002 : start command "report_timing"
RUN-1002 : start command "start_timer"
RUN-1002 : start command "end_timer"
RUN-1003 : finish command "report_timing" in  1.424948s wall, 1.515625s user + 0.015625s system = 1.531250s CPU (107.5%)

RUN-1004 : used memory is 813 MB, reserved memory is 910 MB, peak memory is 966 MB
RUN-1002 : start command "download -bit CortexM0_SoC_Runs\phy_1\CortexM0_SoC.bit -mode jtag -spd 7 -sec 64 -cable 0"
PRG-2014 : Chip validation success: EAGLE_S20_BG256
RUN-1002 : start command "bit_to_vec -chip EAGLE_S20_BG256 -m jtag_burst -freq 4 -bit CortexM0_SoC_Runs/phy_1/CortexM0_SoC.bit"
RUN-1002 : start command "program -cable 0 -mode svf -spd 7 -p"
RUN-1003 : finish command "program -cable 0 -mode svf -spd 7 -p" in  6.719412s wall, 0.328125s user + 0.250000s system = 0.578125s CPU (8.6%)

RUN-1004 : used memory is 833 MB, reserved memory is 930 MB, peak memory is 966 MB
RUN-1003 : finish command "download -bit CortexM0_SoC_Runs\phy_1\CortexM0_SoC.bit -mode jtag -spd 7 -sec 64 -cable 0" in  6.931647s wall, 0.453125s user + 0.265625s system = 0.718750s CPU (10.4%)

RUN-1004 : used memory is 833 MB, reserved memory is 930 MB, peak memory is 966 MB
GUI-1001 : Download success!
HDL-1007 : analyze verilog file ../rtl/CortexM0_SoC.v
TMR-3509 : Import timing summary.
TMR-3509 : Import timing summary.
TMR-3509 : Import timing summary.
TMR-3509 : Import timing summary.
TMR-3509 : Import timing summary.
RUN-1001 : reset_run syn_1 phy_1.
TMR-3509 : Import timing summary.
GUI-6001 WARNING: File C:/Users/Daggal/Desktop/Cortex-M0/verilog/prj/CortexM0_SoC_Runs/phy_1/CortexM0_SoC.bit does not exist!
RUN-1001 : launch_runs syn_1 phy_1  -jobs 6.
RUN-1001 : syn_1: run complete.
TMR-3509 : Import timing summary.
TMR-3509 : Import timing summary.
TMR-3509 : Import timing summary.
TMR-3509 : Import timing summary.
TMR-3509 : Import timing summary.
TMR-3509 : Import timing summary.
TMR-3509 : Import timing summary.
TMR-3509 : Import timing summary.
TMR-3509 : Import timing summary.
TMR-3509 : Import timing summary.
TMR-3509 : Import timing summary.
TMR-3509 : Import timing summary.
TMR-3509 : Import timing summary.
TMR-3509 : Import timing summary.
TMR-3509 : Import timing summary.
TMR-3509 : Import timing summary.
TMR-3509 : Import timing summary.
TMR-3509 : Import timing summary.
TMR-3509 : Import timing summary.
TMR-3509 : Import timing summary.
TMR-3509 : Import timing summary.
TMR-3509 : Import timing summary.
TMR-3509 : Import timing summary.
TMR-3509 : Import timing summary.
TMR-3509 : Import timing summary.
TMR-3509 : Import timing summary.
TMR-3509 : Import timing summary.
TMR-3509 : Import timing summary.
TMR-3509 : Import timing summary.
TMR-3509 : Import timing summary.
TMR-3509 : Import timing summary.
TMR-3509 : Import timing summary.
TMR-3509 : Import timing summary.
TMR-3509 : Import timing summary.
TMR-3509 : Import timing summary.
TMR-3509 : Import timing summary.
TMR-3509 : Import timing summary.
TMR-3509 : Import timing summary.
TMR-3509 : Import timing summary.
TMR-3509 : Import timing summary.
TMR-3509 : Import timing summary.
TMR-3509 : Import timing summary.
TMR-3509 : Import timing summary.
TMR-3509 : Import timing summary.
TMR-3509 : Import timing summary.
TMR-3509 : Import timing summary.
TMR-3509 : Import timing summary.
TMR-3509 : Import timing summary.
TMR-3509 : Import timing summary.
TMR-3509 : Import timing summary.
TMR-3509 : Import timing summary.
TMR-3509 : Import timing summary.
TMR-3509 : Import timing summary.
TMR-3509 : Import timing summary.
TMR-3509 : Import timing summary.
TMR-3509 : Import timing summary.
TMR-3509 : Import timing summary.
TMR-3509 : Import timing summary.
TMR-3509 : Import timing summary.
TMR-3509 : Import timing summary.
TMR-3509 : Import timing summary.
TMR-3509 : Import timing summary.
TMR-3509 : Import timing summary.
TMR-3509 : Import timing summary.
TMR-3509 : Import timing summary.
TMR-3509 : Import timing summary.
TMR-3509 : Import timing summary.
TMR-3509 : Import timing summary.
TMR-3509 : Import timing summary.
TMR-3509 : Import timing summary.
TMR-3509 : Import timing summary.
TMR-3509 : Import timing summary.
TMR-3509 : Import timing summary.
TMR-3509 : Import timing summary.
TMR-3509 : Import timing summary.
TMR-3509 : Import timing summary.
TMR-3509 : Import timing summary.
TMR-3509 : Import timing summary.
TMR-3509 : Import timing summary.
TMR-3509 : Import timing summary.
TMR-3509 : Import timing summary.
TMR-3509 : Import timing summary.
TMR-3509 : Import timing summary.
TMR-3509 : Import timing summary.
TMR-3509 : Import timing summary.
TMR-3509 : Import timing summary.
TMR-3509 : Import timing summary.
TMR-3509 : Import timing summary.
TMR-3509 : Import timing summary.
TMR-3509 : Import timing summary.
TMR-3509 : Import timing summary.
TMR-3509 : Import timing summary.
TMR-3509 : Import timing summary.
TMR-3509 : Import timing summary.
TMR-3509 : Import timing summary.
TMR-3509 : Import timing summary.
RUN-1001 : phy_1: run complete.
TMR-3509 : Import timing summary.
TMR-3509 : Import timing summary.
RUN-1001 : open_run phy_1.
RUN-1002 : start command "import_db C:/Users/Daggal/Desktop/Cortex-M0/verilog/prj/CortexM0_SoC_Runs/phy_1/CortexM0_SoC_pr.db"
RUN-1001 : Importing database generated by Tang Dynasty, V5.6.59063.
RUN-1001 : Database version number 46140.
RUN-1001 : Import flow parameters
PHY-1001 : Generate detailed routing grids ...
PHY-1001 : Generate nets ...
PHY-1001 : clock net SWCLK_syn_4 will be merged with clock SWCLK_dup_1
PHY-1001 : net System_clk_dup_1 will be routed on clock mesh
PHY-1001 : clock net LED_Interface/light_clk_syn_4 will be merged with clock LED_Interface/light_clk
PHY-1001 : clock net PLL_inst/clk0_out will be merged with clock PLL_inst/clk0_buf
PHY-1001 : clock net SEG_Interface/smg_inst/cnt_1ms[0]_syn_6 will be merged with clock SEG_Interface/smg_inst/cnt_1ms[0]
PHY-1001 : net u_logic/SCLK will be routed on clock mesh
PHY-1001 : eco open net = 0
PHY-1001 : 273 feed throughs used by 166 nets
RUN-1001 : Import timing constraints
RUN-1001 : Import IO constraints
RUN-1001 : Import Inst constraints
RUN-1001 : Import design success TD_VERSION=5.6.59063 , DB_VERSION=46140
RUN-1003 : finish command "import_db C:/Users/Daggal/Desktop/Cortex-M0/verilog/prj/CortexM0_SoC_Runs/phy_1/CortexM0_SoC_pr.db" in  6.121182s wall, 6.031250s user + 0.125000s system = 6.156250s CPU (100.6%)

RUN-1004 : used memory is 800 MB, reserved memory is 904 MB, peak memory is 966 MB
RUN-1002 : start command "report_timing"
RUN-1002 : start command "start_timer"
RUN-1002 : start command "end_timer"
RUN-1003 : finish command "report_timing" in  1.493342s wall, 1.484375s user + 0.015625s system = 1.500000s CPU (100.4%)

RUN-1004 : used memory is 843 MB, reserved memory is 949 MB, peak memory is 966 MB
TMR-3509 : Import timing summary.
TMR-3509 : Import timing summary.
RUN-1001 : reset_run syn_1 phy_1.
TMR-3509 : Import timing summary.
RUN-1001 : launch_runs syn_1 phy_1  -jobs 6.
RUN-1001 : syn_1: run complete.
TMR-3509 : Import timing summary.
TMR-3509 : Import timing summary.
TMR-3509 : Import timing summary.
TMR-3509 : Import timing summary.
TMR-3509 : Import timing summary.
TMR-3509 : Import timing summary.
TMR-3509 : Import timing summary.
TMR-3509 : Import timing summary.
TMR-3509 : Import timing summary.
TMR-3509 : Import timing summary.
TMR-3509 : Import timing summary.
TMR-3509 : Import timing summary.
TMR-3509 : Import timing summary.
TMR-3509 : Import timing summary.
TMR-3509 : Import timing summary.
TMR-3509 : Import timing summary.
TMR-3509 : Import timing summary.
TMR-3509 : Import timing summary.
TMR-3509 : Import timing summary.
TMR-3509 : Import timing summary.
TMR-3509 : Import timing summary.
TMR-3509 : Import timing summary.
TMR-3509 : Import timing summary.
TMR-3509 : Import timing summary.
TMR-3509 : Import timing summary.
TMR-3509 : Import timing summary.
TMR-3509 : Import timing summary.
TMR-3509 : Import timing summary.
TMR-3509 : Import timing summary.
TMR-3509 : Import timing summary.
TMR-3509 : Import timing summary.
TMR-3509 : Import timing summary.
TMR-3509 : Import timing summary.
TMR-3509 : Import timing summary.
TMR-3509 : Import timing summary.
TMR-3509 : Import timing summary.
TMR-3509 : Import timing summary.
TMR-3509 : Import timing summary.
TMR-3509 : Import timing summary.
TMR-3509 : Import timing summary.
TMR-3509 : Import timing summary.
TMR-3509 : Import timing summary.
TMR-3509 : Import timing summary.
TMR-3509 : Import timing summary.
TMR-3509 : Import timing summary.
TMR-3509 : Import timing summary.
TMR-3509 : Import timing summary.
TMR-3509 : Import timing summary.
TMR-3509 : Import timing summary.
TMR-3509 : Import timing summary.
TMR-3509 : Import timing summary.
TMR-3509 : Import timing summary.
TMR-3509 : Import timing summary.
TMR-3509 : Import timing summary.
TMR-3509 : Import timing summary.
TMR-3509 : Import timing summary.
TMR-3509 : Import timing summary.
TMR-3509 : Import timing summary.
TMR-3509 : Import timing summary.
TMR-3509 : Import timing summary.
TMR-3509 : Import timing summary.
TMR-3509 : Import timing summary.
TMR-3509 : Import timing summary.
TMR-3509 : Import timing summary.
TMR-3509 : Import timing summary.
TMR-3509 : Import timing summary.
TMR-3509 : Import timing summary.
TMR-3509 : Import timing summary.
TMR-3509 : Import timing summary.
TMR-3509 : Import timing summary.
TMR-3509 : Import timing summary.
TMR-3509 : Import timing summary.
TMR-3509 : Import timing summary.
TMR-3509 : Import timing summary.
TMR-3509 : Import timing summary.
TMR-3509 : Import timing summary.
TMR-3509 : Import timing summary.
TMR-3509 : Import timing summary.
TMR-3509 : Import timing summary.
TMR-3509 : Import timing summary.
TMR-3509 : Import timing summary.
TMR-3509 : Import timing summary.
TMR-3509 : Import timing summary.
TMR-3509 : Import timing summary.
TMR-3509 : Import timing summary.
TMR-3509 : Import timing summary.
TMR-3509 : Import timing summary.
TMR-3509 : Import timing summary.
TMR-3509 : Import timing summary.
TMR-3509 : Import timing summary.
TMR-3509 : Import timing summary.
TMR-3509 : Import timing summary.
TMR-3509 : Import timing summary.
TMR-3509 : Import timing summary.
TMR-3509 : Import timing summary.
TMR-3509 : Import timing summary.
RUN-1001 : phy_1: run complete.
TMR-3509 : Import timing summary.
TMR-3509 : Import timing summary.
TMR-3509 : Import timing summary.
RUN-1001 : open_run phy_1.
RUN-1002 : start command "import_db C:/Users/Daggal/Desktop/Cortex-M0/verilog/prj/CortexM0_SoC_Runs/phy_1/CortexM0_SoC_pr.db"
RUN-1001 : Importing database generated by Tang Dynasty, V5.6.59063.
RUN-1001 : Database version number 46140.
RUN-1001 : Import flow parameters
PHY-1001 : Generate detailed routing grids ...
PHY-1001 : Generate nets ...
PHY-1001 : clock net SWCLK_syn_4 will be merged with clock SWCLK_dup_1
PHY-1001 : net System_clk_dup_1 will be routed on clock mesh
PHY-1001 : clock net LED_Interface/light_clk_syn_4 will be merged with clock LED_Interface/light_clk
PHY-1001 : clock net PLL_inst/clk0_out will be merged with clock PLL_inst/clk0_buf
PHY-1001 : clock net SEG_Interface/smg_inst/cnt_1ms[0]_syn_6 will be merged with clock SEG_Interface/smg_inst/cnt_1ms[0]
PHY-1001 : net u_logic/SCLK will be routed on clock mesh
PHY-1001 : eco open net = 0
PHY-1001 : 273 feed throughs used by 166 nets
RUN-1001 : Import timing constraints
RUN-1001 : Import IO constraints
RUN-1001 : Import Inst constraints
RUN-1001 : Import design success TD_VERSION=5.6.59063 , DB_VERSION=46140
RUN-1003 : finish command "import_db C:/Users/Daggal/Desktop/Cortex-M0/verilog/prj/CortexM0_SoC_Runs/phy_1/CortexM0_SoC_pr.db" in  6.270922s wall, 6.359375s user + 0.046875s system = 6.406250s CPU (102.2%)

RUN-1004 : used memory is 812 MB, reserved memory is 925 MB, peak memory is 966 MB
RUN-1002 : start command "report_timing"
RUN-1002 : start command "start_timer"
RUN-1002 : start command "end_timer"
RUN-1003 : finish command "report_timing" in  1.466669s wall, 1.515625s user + 0.031250s system = 1.546875s CPU (105.5%)

RUN-1004 : used memory is 855 MB, reserved memory is 968 MB, peak memory is 966 MB
RUN-1002 : start command "download -bit CortexM0_SoC_Runs\phy_1\CortexM0_SoC.bit -mode jtag -spd 7 -sec 64 -cable 0"
PRG-2014 : Chip validation success: EAGLE_S20_BG256
RUN-1002 : start command "bit_to_vec -chip EAGLE_S20_BG256 -m jtag_burst -freq 4 -bit CortexM0_SoC_Runs/phy_1/CortexM0_SoC.bit"
RUN-1002 : start command "program -cable 0 -mode svf -spd 7 -p"
RUN-1003 : finish command "program -cable 0 -mode svf -spd 7 -p" in  6.756594s wall, 0.328125s user + 0.343750s system = 0.671875s CPU (9.9%)

RUN-1004 : used memory is 856 MB, reserved memory is 969 MB, peak memory is 966 MB
RUN-1003 : finish command "download -bit CortexM0_SoC_Runs\phy_1\CortexM0_SoC.bit -mode jtag -spd 7 -sec 64 -cable 0" in  6.971158s wall, 0.453125s user + 0.359375s system = 0.812500s CPU (11.7%)

RUN-1004 : used memory is 856 MB, reserved memory is 969 MB, peak memory is 966 MB
GUI-1001 : Download success!
HDL-1007 : analyze verilog file ../rtl/CortexM0_SoC.v
TMR-3509 : Import timing summary.
RUN-1001 : Print Global Property
RUN-1001 : ---------------------------------------------------------------
RUN-1001 :        Parameters        |  Settings  |  Default Values  |  Note  
RUN-1001 : ---------------------------------------------------------------
RUN-1001 :          message         |  standard  |     standard     |        
RUN-1001 :   mixed_pack_place_flow  |     on     |        on        |        
RUN-1001 :        qor_monitor       |    off     |       off        |        
RUN-1001 :        syn_ip_flow       |    off     |       off        |        
RUN-1001 :          thread          |    auto    |       auto       |        
RUN-1001 : ---------------------------------------------------------------
RUN-1001 : Print Design Property
RUN-1001 : --------------------------------------------------------------
RUN-1001 :        Parameters       |  Settings  |  Default Values  |  Note  
RUN-1001 : --------------------------------------------------------------
RUN-1001 :   default_reg_initial   |    auto    |       auto       |        
RUN-1001 :        infer_add        |     on     |        on        |        
RUN-1001 :        infer_fsm        |    off     |       off        |        
RUN-1001 :        infer_mult       |     on     |        on        |        
RUN-1001 :        infer_ram        |     on     |        on        |        
RUN-1001 :        infer_reg        |     on     |        on        |        
RUN-1001 :   infer_reg_init_value  |     on     |        on        |        
RUN-1001 :        infer_rom        |     on     |        on        |        
RUN-1001 :      infer_shifter      |     on     |        on        |        
RUN-1001 : --------------------------------------------------------------
RUN-1001 : Print Rtl Property
RUN-1001 : --------------------------------------------------------------
RUN-1001 :        Parameters       |  Settings  |  Default Values  |  Note  
RUN-1001 : --------------------------------------------------------------
RUN-1001 :       compress_add      |   ripple   |      ripple      |        
RUN-1001 :        elf_sload        |    off     |       off        |        
RUN-1001 :       fix_undriven      |     0      |        0         |        
RUN-1001 :         flatten         |    off     |       off        |        
RUN-1001 :       gate_sharing      |     on     |        on        |        
RUN-1001 :    hdl_warning_level    |   normal   |      normal      |        
RUN-1001 :   impl_internal_tribuf  |     on     |        on        |        
RUN-1001 :      impl_set_reset     |     on     |        on        |        
RUN-1001 :        infer_gsr        |    off     |       off        |        
RUN-1001 :      keep_hierarchy     |    auto    |       auto       |        
RUN-1001 :        max_fanout       |    9999    |       9999       |        
RUN-1001 :      max_oh2bin_len     |     10     |        10        |        
RUN-1001 :       merge_equal       |     on     |        on        |        
RUN-1001 :       merge_equiv       |     on     |        on        |        
RUN-1001 :        merge_mux        |    off     |       off        |        
RUN-1001 :     min_control_set     |     8      |        8         |        
RUN-1001 :      min_ripple_len     |    auto    |       auto       |        
RUN-1001 :       oh2bin_ratio      |    0.08    |       0.08       |        
RUN-1001 :     opt_adder_fanout    |     on     |        on        |        
RUN-1001 :        opt_arith        |     on     |        on        |        
RUN-1001 :       opt_big_gate      |    off     |       off        |        
RUN-1001 :        opt_const        |     on     |        on        |        
RUN-1001 :      opt_const_mult     |     on     |        on        |        
RUN-1001 :       opt_lessthan      |     on     |        on        |        
RUN-1001 :         opt_mux         |    off     |       off        |        
RUN-1001 :         opt_ram         |    high    |       high       |        
RUN-1001 :      rtl_sim_model      |    off     |       off        |        
RUN-1001 :         seq_syn         |     on     |        on        |        
RUN-1001 : --------------------------------------------------------------
HDL-1007 : analyze verilog file al_ip/PLL.v
HDL-1007 : undeclared symbol 'open', assumed default net type 'wire' in al_ip/PLL.v(89)
HDL-1007 : analyze verilog file ../rtl/AHBlite_Block_RAM.v
HDL-1007 : analyze verilog file ../rtl/AHBlite_Decoder.v
HDL-1007 : analyze verilog file ../rtl/AHBlite_Interconnect.v
HDL-1007 : analyze verilog file ../rtl/AHBlite_LED.v
HDL-1007 : analyze verilog file ../rtl/AHBlite_Matrix_Key.v
HDL-1007 : analyze verilog file ../rtl/AHBlite_SlaveMUX.v
HDL-1007 : analyze verilog file ../rtl/AHBlite_Timer.v
HDL-1007 : analyze verilog file ../rtl/Block_RAM.v
HDL-1007 : analyze verilog file ../rtl/CortexM0_SoC.v
HDL-1007 : analyze verilog file ../rtl/Keyboard.v
HDL-1007 : analyze verilog file ../rtl/cortexm0ds_logic.v
HDL-1007 : analyze verilog file ../rtl/AHBlite_SEG.v
HDL-1007 : analyze verilog file ../rtl/smg.v
TMR-3509 : Import timing summary.
HDL-1007 : analyze verilog file ../rtl/CortexM0_SoC.v
TMR-3509 : Import timing summary.
