


ARM Macro Assembler    Page 1 


    1 00000000         ;/******************************************************
                       ********************//**
    2 00000000         ; * @file     startup_CMSDK_CM0.s
    3 00000000         ; * @brief    CMSIS Cortex-M0 Core Device Startup File f
                       or
    4 00000000         ; *           Device CMSDK_CM0
    5 00000000         ; * @version  V3.01
    6 00000000         ; * @date     06. March 2012
    7 00000000         ; *
    8 00000000         ; * @note
    9 00000000         ; * Copyright (C) 2012 ARM Limited. All rights reserved.
                       
   10 00000000         ; *
   11 00000000         ; * @par
   12 00000000         ; * ARM Limited (ARM) is supplying this software for use
                        with Cortex-M
   13 00000000         ; * processor based microcontrollers.  This file can be 
                       freely distributed
   14 00000000         ; * within development tools that are supporting such AR
                       M based processors.
   15 00000000         ; *
   16 00000000         ; * @par
   17 00000000         ; * THIS SOFTWARE IS PROVIDED "AS IS".  NO WARRANTIES, W
                       HETHER EXPRESS, IMPLIED
   18 00000000         ; * OR STATUTORY, INCLUDING, BUT NOT LIMITED TO, IMPLIED
                        WARRANTIES OF
   19 00000000         ; * MERCHANTABILITY AND FITNESS FOR A PARTICULAR PURPOSE
                        APPLY TO THIS SOFTWARE.
   20 00000000         ; * ARM SHALL NOT, IN ANY CIRCUMSTANCES, BE LIABLE FOR S
                       PECIAL, INCIDENTAL, OR
   21 00000000         ; * CONSEQUENTIAL DAMAGES, FOR ANY REASON WHATSOEVER.
   22 00000000         ; *
   23 00000000         ; ******************************************************
                       ************************/
   24 00000000         ;/*
   25 00000000         ;//-------- <<< Use Configuration Wizard in Context Menu
                        >>> ------------------
   26 00000000         ;*/
   27 00000000         
   28 00000000         
   29 00000000         ; <h> Stack Configuration
   30 00000000         ;   <o> Stack Size (in Bytes) <0x0-0xFFFFFFFF:8>
   31 00000000         ; </h>
   32 00000000         
   33 00000000 00000400 
                       Stack_Size
                               EQU              0x00000400
   34 00000000         
   35 00000000                 AREA             STACK, NOINIT, READWRITE, ALIGN
=4
   36 00000000         Stack_Mem
                               SPACE            Stack_Size
   37 00000400         __initial_sp
   38 00000400         
   39 00000400         
   40 00000400         ; <h> Heap Configuration
   41 00000400         ;   <o>  Heap Size (in Bytes) <0x0-0xFFFFFFFF:8>
   42 00000400         ; </h>
   43 00000400         



ARM Macro Assembler    Page 2 


   44 00000400 00000200 
                       Heap_Size
                               EQU              0x00000200
   45 00000400         
   46 00000400                 AREA             HEAP, NOINIT, READWRITE, ALIGN=
4
   47 00000000         __heap_base
   48 00000000         Heap_Mem
                               SPACE            Heap_Size
   49 00000200         __heap_limit
   50 00000200         
   51 00000200         
   52 00000200                 PRESERVE8
   53 00000200                 THUMB
   54 00000200         
   55 00000200         
   56 00000200         ; Vector Table Mapped to Address 0 at Reset
   57 00000200         
   58 00000200                 AREA             RESET, DATA, READONLY
   59 00000000                 EXPORT           __Vectors
   60 00000000         
   61 00000000 00000000 
                       __Vectors
                               DCD              __initial_sp ; Top of Stack
   62 00000004 00000000        DCD              Reset_Handler ; Reset Handler
   63 00000008 00000000        DCD              0           ; NMI Handler
   64 0000000C 00000000        DCD              0           ; Hard Fault Handle
                                                            r
   65 00000010 00000000        DCD              0           ; Reserved
   66 00000014 00000000        DCD              0           ; Reserved
   67 00000018 00000000        DCD              0           ; Reserved
   68 0000001C 00000000        DCD              0           ; Reserved
   69 00000020 00000000        DCD              0           ; Reserved
   70 00000024 00000000        DCD              0           ; Reserved
   71 00000028 00000000        DCD              0           ; Reserved
   72 0000002C 00000000        DCD              0           ; SVCall Handler
   73 00000030 00000000        DCD              0           ; Reserved
   74 00000034 00000000        DCD              0           ; Reserved
   75 00000038 00000000        DCD              0           ; PendSV Handler
   76 0000003C 00000000        DCD              0           ; SysTick Handler
   77 00000040         
   78 00000040 00000000        DCD              UART1_Handler ; IRQ0 Handler
   79 00000044 00000000        DCD              TIME_Handler ; IRQ1 Handler
   80 00000048 00000000        DCD              KEY0_Handler ; IRQ2 Handler
   81 0000004C 00000000        DCD              KEY1_Handler ; IRQ3 Handler
   82 00000050 00000000        DCD              KEY2_Handler ; IRQ4 Handler
   83 00000054 00000000        DCD              KEY3_Handler ; IRQ5 Handler
   84 00000058 00000000        DCD              KEY4_Handler ; IRQ6 Handler
   85 0000005C 00000000        DCD              KEY5_Handler ; IRQ7 Handler
   86 00000060 00000000        DCD              KEY6_Handler ; IRQ8 Handler
   87 00000064 00000000        DCD              KEY7_Handler ; IRQ9 Handler    
                                                                     
   88 00000068                 AREA             |.text|, CODE, READONLY
   89 00000000         
   90 00000000         
   91 00000000         ; Reset Handler
   92 00000000         
   93 00000000         Reset_Handler
                               PROC



ARM Macro Assembler    Page 3 


   94 00000000                 GLOBAL           Reset_Handler
   95 00000000                 ENTRY
   96 00000000                 IMPORT           __main
   97 00000000 4815            LDR              R0, =__main
   98 00000002 4680            MOV              R8, R0
   99 00000004 46C1            MOV              R9, R8
  100 00000006 4700            BX               R0
  101 00000008                 ENDP
  102 00000008         
  103 00000008         UART1_Handler
                               PROC
  104 00000008                 EXPORT           UART1_Handler            [WEAK]
  105 00000008                 IMPORT           UART1Handle
  106 00000008 B507            PUSH             {R0,R1,R2,LR}
  107 0000000A F7FF FFFE       BL               UART1Handle
  108 0000000E BD07            POP              {R0,R1,R2,PC}
  109 00000010                 ENDP
  110 00000010         
  111 00000010         
  112 00000010         TIME_Handler
                               PROC
  113 00000010                 EXPORT           TIME_Handler            [WEAK]
  114 00000010                 IMPORT           TIMEHandle
  115 00000010 B507            PUSH             {R0,R1,R2,LR}
  116 00000012 F7FF FFFE       BL               TIMEHandle
  117 00000016 BD07            POP              {R0,R1,R2,PC}
  118 00000018                 ENDP
  119 00000018         
  120 00000018         KEY0_Handler
                               PROC
  121 00000018                 EXPORT           KEY0_Handler            [WEAK]
  122 00000018                 IMPORT           KEY0Handle
  123 00000018 B507            PUSH             {R0,R1,R2,LR}
  124 0000001A F7FF FFFE       BL               KEY0Handle
  125 0000001E BD07            POP              {R0,R1,R2,PC}
  126 00000020                 ENDP
  127 00000020         
  128 00000020         KEY1_Handler
                               PROC
  129 00000020                 EXPORT           KEY1_Handler            [WEAK]
  130 00000020                 IMPORT           KEY1Handle
  131 00000020 B507            PUSH             {R0,R1,R2,LR}
  132 00000022 F7FF FFFE       BL               KEY1Handle
  133 00000026 BD07            POP              {R0,R1,R2,PC}
  134 00000028                 ENDP
  135 00000028         
  136 00000028         KEY2_Handler
                               PROC
  137 00000028                 EXPORT           KEY2_Handler            [WEAK]
  138 00000028                 IMPORT           KEY2Handle
  139 00000028 B507            PUSH             {R0,R1,R2,LR}
  140 0000002A F7FF FFFE       BL               KEY2Handle
  141 0000002E BD07            POP              {R0,R1,R2,PC}
  142 00000030                 ENDP
  143 00000030         
  144 00000030         KEY3_Handler
                               PROC
  145 00000030                 EXPORT           KEY3_Handler            [WEAK]
  146 00000030                 IMPORT           KEY3Handle



ARM Macro Assembler    Page 4 


  147 00000030 B507            PUSH             {R0,R1,R2,LR}
  148 00000032 F7FF FFFE       BL               KEY3Handle
  149 00000036 BD07            POP              {R0,R1,R2,PC}
  150 00000038                 ENDP
  151 00000038         
  152 00000038         KEY4_Handler
                               PROC
  153 00000038                 EXPORT           KEY4_Handler            [WEAK]
  154 00000038                 IMPORT           KEY4Handle
  155 00000038 B507            PUSH             {R0,R1,R2,LR}
  156 0000003A F7FF FFFE       BL               KEY4Handle
  157 0000003E BD07            POP              {R0,R1,R2,PC}
  158 00000040                 ENDP
  159 00000040         
  160 00000040         KEY5_Handler
                               PROC
  161 00000040                 EXPORT           KEY5_Handler            [WEAK]
  162 00000040                 IMPORT           KEY5Handle
  163 00000040 B507            PUSH             {R0,R1,R2,LR}
  164 00000042 F7FF FFFE       BL               KEY5Handle
  165 00000046 BD07            POP              {R0,R1,R2,PC}
  166 00000048                 ENDP
  167 00000048         
  168 00000048         KEY6_Handler
                               PROC
  169 00000048                 EXPORT           KEY6_Handler            [WEAK]
  170 00000048                 IMPORT           KEY6Handle
  171 00000048 B507            PUSH             {R0,R1,R2,LR}
  172 0000004A F7FF FFFE       BL               KEY6Handle
  173 0000004E BD07            POP              {R0,R1,R2,PC}
  174 00000050                 ENDP
  175 00000050         
  176 00000050         KEY7_Handler
                               PROC
  177 00000050                 EXPORT           KEY7_Handler            [WEAK]
  178 00000050                 IMPORT           KEY7Handle
  179 00000050 B507            PUSH             {R0,R1,R2,LR}
  180 00000052 F7FF FFFE       BL               KEY7Handle
  181 00000056 BD07            POP              {R0,R1,R2,PC}
  182 00000058                 ENDP
  183 00000058         
  184 00000058         
  185 00000058                 ALIGN            4
  186 00000058         
  187 00000058                 IF               :DEF:__MICROLIB
  188 00000058         
  189 00000058                 EXPORT           __initial_sp
  190 00000058                 EXPORT           __heap_base
  191 00000058                 EXPORT           __heap_limit
  192 00000058         
  193 00000058                 ELSE
  208                          ENDIF
  209 00000058         
  210 00000058                 END
              00000000 
Command Line: --debug --xref --diag_suppress=9931 --cpu=Cortex-M0 --apcs=interw
ork --depend=.\startup_cmsdk_cm0.d -o.\startup_cmsdk_cm0.o -ID:\Keil\Keil\V2M-M
PS2_CMx_BSP\1.8.2\Device\CMSDK_CM0\Include --predefine="__MICROLIB SETA 1" --pr
edefine="__UVISION_VERSION SETA 539" --predefine="CMSDK_CM0 SETA 1" --list=.\li



ARM Macro Assembler    Page 5 


stings\startup_cmsdk_cm0.lst startup_CMSDK_CM0.s



ARM Macro Assembler    Page 1 Alphabetic symbol ordering
Relocatable symbols

STACK 00000000

Symbol: STACK
   Definitions
      At line 35 in file startup_CMSDK_CM0.s
   Uses
      None
Comment: STACK unused
Stack_Mem 00000000

Symbol: Stack_Mem
   Definitions
      At line 36 in file startup_CMSDK_CM0.s
   Uses
      None
Comment: Stack_Mem unused
__initial_sp 00000400

Symbol: __initial_sp
   Definitions
      At line 37 in file startup_CMSDK_CM0.s
   Uses
      At line 61 in file startup_CMSDK_CM0.s
      At line 189 in file startup_CMSDK_CM0.s

3 symbols



ARM Macro Assembler    Page 1 Alphabetic symbol ordering
Relocatable symbols

HEAP 00000000

Symbol: HEAP
   Definitions
      At line 46 in file startup_CMSDK_CM0.s
   Uses
      None
Comment: HEAP unused
Heap_Mem 00000000

Symbol: Heap_Mem
   Definitions
      At line 48 in file startup_CMSDK_CM0.s
   Uses
      None
Comment: Heap_Mem unused
__heap_base 00000000

Symbol: __heap_base
   Definitions
      At line 47 in file startup_CMSDK_CM0.s
   Uses
      At line 190 in file startup_CMSDK_CM0.s
Comment: __heap_base used once
__heap_limit 00000200

Symbol: __heap_limit
   Definitions
      At line 49 in file startup_CMSDK_CM0.s
   Uses
      At line 191 in file startup_CMSDK_CM0.s
Comment: __heap_limit used once
4 symbols



ARM Macro Assembler    Page 1 Alphabetic symbol ordering
Relocatable symbols

RESET 00000000

Symbol: RESET
   Definitions
      At line 58 in file startup_CMSDK_CM0.s
   Uses
      None
Comment: RESET unused
__Vectors 00000000

Symbol: __Vectors
   Definitions
      At line 61 in file startup_CMSDK_CM0.s
   Uses
      At line 59 in file startup_CMSDK_CM0.s
Comment: __Vectors used once
2 symbols



ARM Macro Assembler    Page 1 Alphabetic symbol ordering
Relocatable symbols

.text 00000000

Symbol: .text
   Definitions
      At line 88 in file startup_CMSDK_CM0.s
   Uses
      None
Comment: .text unused
KEY0_Handler 00000018

Symbol: KEY0_Handler
   Definitions
      At line 120 in file startup_CMSDK_CM0.s
   Uses
      At line 80 in file startup_CMSDK_CM0.s
      At line 121 in file startup_CMSDK_CM0.s

KEY1_Handler 00000020

Symbol: KEY1_Handler
   Definitions
      At line 128 in file startup_CMSDK_CM0.s
   Uses
      At line 81 in file startup_CMSDK_CM0.s
      At line 129 in file startup_CMSDK_CM0.s

KEY2_Handler 00000028

Symbol: KEY2_Handler
   Definitions
      At line 136 in file startup_CMSDK_CM0.s
   Uses
      At line 82 in file startup_CMSDK_CM0.s
      At line 137 in file startup_CMSDK_CM0.s

KEY3_Handler 00000030

Symbol: KEY3_Handler
   Definitions
      At line 144 in file startup_CMSDK_CM0.s
   Uses
      At line 83 in file startup_CMSDK_CM0.s
      At line 145 in file startup_CMSDK_CM0.s

KEY4_Handler 00000038

Symbol: KEY4_Handler
   Definitions
      At line 152 in file startup_CMSDK_CM0.s
   Uses
      At line 84 in file startup_CMSDK_CM0.s
      At line 153 in file startup_CMSDK_CM0.s

KEY5_Handler 00000040

Symbol: KEY5_Handler
   Definitions
      At line 160 in file startup_CMSDK_CM0.s
   Uses



ARM Macro Assembler    Page 2 Alphabetic symbol ordering
Relocatable symbols

      At line 85 in file startup_CMSDK_CM0.s
      At line 161 in file startup_CMSDK_CM0.s

KEY6_Handler 00000048

Symbol: KEY6_Handler
   Definitions
      At line 168 in file startup_CMSDK_CM0.s
   Uses
      At line 86 in file startup_CMSDK_CM0.s
      At line 169 in file startup_CMSDK_CM0.s

KEY7_Handler 00000050

Symbol: KEY7_Handler
   Definitions
      At line 176 in file startup_CMSDK_CM0.s
   Uses
      At line 87 in file startup_CMSDK_CM0.s
      At line 177 in file startup_CMSDK_CM0.s

Reset_Handler 00000000

Symbol: Reset_Handler
   Definitions
      At line 93 in file startup_CMSDK_CM0.s
   Uses
      At line 62 in file startup_CMSDK_CM0.s
      At line 94 in file startup_CMSDK_CM0.s

TIME_Handler 00000010

Symbol: TIME_Handler
   Definitions
      At line 112 in file startup_CMSDK_CM0.s
   Uses
      At line 79 in file startup_CMSDK_CM0.s
      At line 113 in file startup_CMSDK_CM0.s

UART1_Handler 00000008

Symbol: UART1_Handler
   Definitions
      At line 103 in file startup_CMSDK_CM0.s
   Uses
      At line 78 in file startup_CMSDK_CM0.s
      At line 104 in file startup_CMSDK_CM0.s

12 symbols



ARM Macro Assembler    Page 1 Alphabetic symbol ordering
Absolute symbols

Heap_Size 00000200

Symbol: Heap_Size
   Definitions
      At line 44 in file startup_CMSDK_CM0.s
   Uses
      At line 48 in file startup_CMSDK_CM0.s
Comment: Heap_Size used once
Stack_Size 00000400

Symbol: Stack_Size
   Definitions
      At line 33 in file startup_CMSDK_CM0.s
   Uses
      At line 36 in file startup_CMSDK_CM0.s
Comment: Stack_Size used once
2 symbols



ARM Macro Assembler    Page 1 Alphabetic symbol ordering
External symbols

KEY0Handle 00000000

Symbol: KEY0Handle
   Definitions
      At line 122 in file startup_CMSDK_CM0.s
   Uses
      At line 124 in file startup_CMSDK_CM0.s
Comment: KEY0Handle used once
KEY1Handle 00000000

Symbol: KEY1Handle
   Definitions
      At line 130 in file startup_CMSDK_CM0.s
   Uses
      At line 132 in file startup_CMSDK_CM0.s
Comment: KEY1Handle used once
KEY2Handle 00000000

Symbol: KEY2Handle
   Definitions
      At line 138 in file startup_CMSDK_CM0.s
   Uses
      At line 140 in file startup_CMSDK_CM0.s
Comment: KEY2Handle used once
KEY3Handle 00000000

Symbol: KEY3Handle
   Definitions
      At line 146 in file startup_CMSDK_CM0.s
   Uses
      At line 148 in file startup_CMSDK_CM0.s
Comment: KEY3Handle used once
KEY4Handle 00000000

Symbol: KEY4Handle
   Definitions
      At line 154 in file startup_CMSDK_CM0.s
   Uses
      At line 156 in file startup_CMSDK_CM0.s
Comment: KEY4Handle used once
KEY5Handle 00000000

Symbol: KEY5Handle
   Definitions
      At line 162 in file startup_CMSDK_CM0.s
   Uses
      At line 164 in file startup_CMSDK_CM0.s
Comment: KEY5Handle used once
KEY6Handle 00000000

Symbol: KEY6Handle
   Definitions
      At line 170 in file startup_CMSDK_CM0.s
   Uses
      At line 172 in file startup_CMSDK_CM0.s
Comment: KEY6Handle used once
KEY7Handle 00000000

Symbol: KEY7Handle



ARM Macro Assembler    Page 2 Alphabetic symbol ordering
External symbols

   Definitions
      At line 178 in file startup_CMSDK_CM0.s
   Uses
      At line 180 in file startup_CMSDK_CM0.s
Comment: KEY7Handle used once
TIMEHandle 00000000

Symbol: TIMEHandle
   Definitions
      At line 114 in file startup_CMSDK_CM0.s
   Uses
      At line 116 in file startup_CMSDK_CM0.s
Comment: TIMEHandle used once
UART1Handle 00000000

Symbol: UART1Handle
   Definitions
      At line 105 in file startup_CMSDK_CM0.s
   Uses
      At line 107 in file startup_CMSDK_CM0.s
Comment: UART1Handle used once
__main 00000000

Symbol: __main
   Definitions
      At line 96 in file startup_CMSDK_CM0.s
   Uses
      At line 97 in file startup_CMSDK_CM0.s
Comment: __main used once
11 symbols
369 symbols in table
